mode: set
github.com/OrbitalbooKING/booKING/server/utils/util.go:13.44,16.16 3 1
github.com/OrbitalbooKING/booKING/server/utils/util.go:20.2,21.12 2 1
github.com/OrbitalbooKING/booKING/server/utils/util.go:16.16,19.3 2 0
github.com/OrbitalbooKING/booKING/server/utils/util.go:25.61,28.2 2 1
github.com/OrbitalbooKING/booKING/server/services/setup.go:15.30,20.55 2 1
github.com/OrbitalbooKING/booKING/server/services/setup.go:36.2,36.39 1 1
github.com/OrbitalbooKING/booKING/server/services/setup.go:20.55,22.17 2 0
github.com/OrbitalbooKING/booKING/server/services/setup.go:22.17,24.4 1 0
github.com/OrbitalbooKING/booKING/server/services/setup.go:24.9,26.4 1 0
github.com/OrbitalbooKING/booKING/server/services/setup.go:27.8,29.17 2 1
github.com/OrbitalbooKING/booKING/server/services/setup.go:29.17,31.4 1 0
github.com/OrbitalbooKING/booKING/server/services/setup.go:31.9,33.4 1 1
github.com/OrbitalbooKING/booKING/server/services/setup.go:36.39,38.3 1 0
github.com/OrbitalbooKING/booKING/server/services/setup.go:38.8,40.3 1 1
github.com/OrbitalbooKING/booKING/server/services/venueservices.go:17.32,20.16 2 1
github.com/OrbitalbooKING/booKING/server/services/venueservices.go:26.2,26.64 1 1
github.com/OrbitalbooKING/booKING/server/services/venueservices.go:31.2,32.35 2 1
github.com/OrbitalbooKING/booKING/server/services/venueservices.go:20.16,24.3 3 0
github.com/OrbitalbooKING/booKING/server/services/venueservices.go:26.64,29.3 1 0
github.com/OrbitalbooKING/booKING/server/services/venueservices.go:37.35,39.50 2 1
github.com/OrbitalbooKING/booKING/server/services/venueservices.go:45.2,46.16 2 1
github.com/OrbitalbooKING/booKING/server/services/venueservices.go:51.2,52.16 2 1
github.com/OrbitalbooKING/booKING/server/services/venueservices.go:57.2,58.16 2 1
github.com/OrbitalbooKING/booKING/server/services/venueservices.go:62.2,62.13 1 1
github.com/OrbitalbooKING/booKING/server/services/venueservices.go:67.2,67.64 1 1
github.com/OrbitalbooKING/booKING/server/services/venueservices.go:72.2,73.35 2 1
github.com/OrbitalbooKING/booKING/server/services/venueservices.go:39.50,43.3 3 0
github.com/OrbitalbooKING/booKING/server/services/venueservices.go:46.16,49.3 2 0
github.com/OrbitalbooKING/booKING/server/services/venueservices.go:52.16,55.3 2 0
github.com/OrbitalbooKING/booKING/server/services/venueservices.go:58.16,61.3 2 0
github.com/OrbitalbooKING/booKING/server/services/venueservices.go:62.13,65.3 2 0
github.com/OrbitalbooKING/booKING/server/services/venueservices.go:67.64,70.3 1 0
github.com/OrbitalbooKING/booKING/server/services/venueservices.go:76.95,79.28 2 1
github.com/OrbitalbooKING/booKING/server/services/venueservices.go:84.2,93.44 4 1
github.com/OrbitalbooKING/booKING/server/services/venueservices.go:96.2,96.25 1 1
github.com/OrbitalbooKING/booKING/server/services/venueservices.go:99.2,99.30 1 1
github.com/OrbitalbooKING/booKING/server/services/venueservices.go:79.28,81.3 1 1
github.com/OrbitalbooKING/booKING/server/services/venueservices.go:93.44,95.3 1 1
github.com/OrbitalbooKING/booKING/server/services/venueservices.go:96.25,98.3 1 0
github.com/OrbitalbooKING/booKING/server/services/venueservices.go:102.126,105.34 2 1
github.com/OrbitalbooKING/booKING/server/services/venueservices.go:110.2,115.34 4 1
github.com/OrbitalbooKING/booKING/server/services/venueservices.go:121.2,121.34 1 1
github.com/OrbitalbooKING/booKING/server/services/venueservices.go:145.2,145.31 1 1
github.com/OrbitalbooKING/booKING/server/services/venueservices.go:159.2,159.34 1 1
github.com/OrbitalbooKING/booKING/server/services/venueservices.go:185.2,185.34 1 1
github.com/OrbitalbooKING/booKING/server/services/venueservices.go:199.2,199.33 1 1
github.com/OrbitalbooKING/booKING/server/services/venueservices.go:212.2,212.31 1 1
github.com/OrbitalbooKING/booKING/server/services/venueservices.go:226.2,226.31 1 1
github.com/OrbitalbooKING/booKING/server/services/venueservices.go:239.2,241.69 3 1
github.com/OrbitalbooKING/booKING/server/services/venueservices.go:244.2,244.21 1 1
github.com/OrbitalbooKING/booKING/server/services/venueservices.go:105.34,107.3 1 1
github.com/OrbitalbooKING/booKING/server/services/venueservices.go:115.34,118.3 1 1
github.com/OrbitalbooKING/booKING/server/services/venueservices.go:118.8,120.3 1 1
github.com/OrbitalbooKING/booKING/server/services/venueservices.go:121.34,133.32 2 1
github.com/OrbitalbooKING/booKING/server/services/venueservices.go:141.3,141.25 1 1
github.com/OrbitalbooKING/booKING/server/services/venueservices.go:133.32,140.4 1 1
github.com/OrbitalbooKING/booKING/server/services/venueservices.go:145.31,146.22 1 1
github.com/OrbitalbooKING/booKING/server/services/venueservices.go:146.22,150.4 1 1
github.com/OrbitalbooKING/booKING/server/services/venueservices.go:150.9,155.4 2 0
github.com/OrbitalbooKING/booKING/server/services/venueservices.go:159.34,160.22 1 1
github.com/OrbitalbooKING/booKING/server/services/venueservices.go:173.3,173.35 1 1
github.com/OrbitalbooKING/booKING/server/services/venueservices.go:180.3,181.61 1 1
github.com/OrbitalbooKING/booKING/server/services/venueservices.go:160.22,165.4 1 1
github.com/OrbitalbooKING/booKING/server/services/venueservices.go:165.9,171.4 2 0
github.com/OrbitalbooKING/booKING/server/services/venueservices.go:173.35,174.33 1 1
github.com/OrbitalbooKING/booKING/server/services/venueservices.go:174.33,176.5 1 1
github.com/OrbitalbooKING/booKING/server/services/venueservices.go:176.10,178.5 1 1
github.com/OrbitalbooKING/booKING/server/services/venueservices.go:185.34,186.22 1 1
github.com/OrbitalbooKING/booKING/server/services/venueservices.go:186.22,190.4 1 1
github.com/OrbitalbooKING/booKING/server/services/venueservices.go:190.9,195.4 2 0
github.com/OrbitalbooKING/booKING/server/services/venueservices.go:199.33,200.22 1 1
github.com/OrbitalbooKING/booKING/server/services/venueservices.go:200.22,204.4 1 1
github.com/OrbitalbooKING/booKING/server/services/venueservices.go:204.9,209.4 2 0
github.com/OrbitalbooKING/booKING/server/services/venueservices.go:212.31,213.22 1 1
github.com/OrbitalbooKING/booKING/server/services/venueservices.go:213.22,217.4 1 1
github.com/OrbitalbooKING/booKING/server/services/venueservices.go:217.9,222.4 2 0
github.com/OrbitalbooKING/booKING/server/services/venueservices.go:226.31,227.22 1 1
github.com/OrbitalbooKING/booKING/server/services/venueservices.go:227.22,231.4 1 1
github.com/OrbitalbooKING/booKING/server/services/venueservices.go:231.9,236.4 2 0
github.com/OrbitalbooKING/booKING/server/services/venueservices.go:241.69,243.3 1 0
github.com/OrbitalbooKING/booKING/server/services/venueservices.go:247.83,251.42 3 1
github.com/OrbitalbooKING/booKING/server/services/venueservices.go:258.2,258.27 1 1
github.com/OrbitalbooKING/booKING/server/services/venueservices.go:251.42,253.72 2 1
github.com/OrbitalbooKING/booKING/server/services/venueservices.go:256.3,256.53 1 1
github.com/OrbitalbooKING/booKING/server/services/venueservices.go:253.72,255.4 1 0
github.com/OrbitalbooKING/booKING/server/services/venueservices.go:261.97,266.81 3 1
github.com/OrbitalbooKING/booKING/server/services/venueservices.go:269.2,269.33 1 1
github.com/OrbitalbooKING/booKING/server/services/venueservices.go:266.81,268.3 1 0
github.com/OrbitalbooKING/booKING/server/services/venueservices.go:272.62,278.63 3 1
github.com/OrbitalbooKING/booKING/server/services/venueservices.go:281.2,281.24 1 1
github.com/OrbitalbooKING/booKING/server/services/venueservices.go:278.63,280.3 1 0
github.com/OrbitalbooKING/booKING/server/services/venueservices.go:284.81,285.31 1 1
github.com/OrbitalbooKING/booKING/server/services/venueservices.go:298.2,298.12 1 1
github.com/OrbitalbooKING/booKING/server/services/venueservices.go:285.31,289.17 3 1
github.com/OrbitalbooKING/booKING/server/services/venueservices.go:294.3,294.41 1 1
github.com/OrbitalbooKING/booKING/server/services/venueservices.go:289.17,291.4 1 0
github.com/OrbitalbooKING/booKING/server/services/venueservices.go:294.41,296.4 1 1
github.com/OrbitalbooKING/booKING/server/services/accountservices.go:32.31,35.39 2 1
github.com/OrbitalbooKING/booKING/server/services/accountservices.go:42.2,45.80 2 1
github.com/OrbitalbooKING/booKING/server/services/accountservices.go:50.2,50.22 1 1
github.com/OrbitalbooKING/booKING/server/services/accountservices.go:57.2,57.33 1 1
github.com/OrbitalbooKING/booKING/server/services/accountservices.go:64.2,69.16 3 1
github.com/OrbitalbooKING/booKING/server/services/accountservices.go:72.2,76.16 3 1
github.com/OrbitalbooKING/booKING/server/services/accountservices.go:80.2,80.13 1 1
github.com/OrbitalbooKING/booKING/server/services/accountservices.go:86.2,87.16 2 1
github.com/OrbitalbooKING/booKING/server/services/accountservices.go:91.2,91.13 1 1
github.com/OrbitalbooKING/booKING/server/services/accountservices.go:97.2,98.16 2 1
github.com/OrbitalbooKING/booKING/server/services/accountservices.go:103.2,104.29 2 1
github.com/OrbitalbooKING/booKING/server/services/accountservices.go:120.2,134.51 2 1
github.com/OrbitalbooKING/booKING/server/services/accountservices.go:142.2,146.60 2 1
github.com/OrbitalbooKING/booKING/server/services/accountservices.go:35.39,39.3 3 0
github.com/OrbitalbooKING/booKING/server/services/accountservices.go:45.80,47.3 1 0
github.com/OrbitalbooKING/booKING/server/services/accountservices.go:50.22,54.3 3 0
github.com/OrbitalbooKING/booKING/server/services/accountservices.go:57.33,61.3 3 0
github.com/OrbitalbooKING/booKING/server/services/accountservices.go:69.16,71.3 1 0
github.com/OrbitalbooKING/booKING/server/services/accountservices.go:76.16,79.3 2 0
github.com/OrbitalbooKING/booKING/server/services/accountservices.go:80.13,83.3 2 0
github.com/OrbitalbooKING/booKING/server/services/accountservices.go:87.16,90.3 2 0
github.com/OrbitalbooKING/booKING/server/services/accountservices.go:91.13,94.3 2 0
github.com/OrbitalbooKING/booKING/server/services/accountservices.go:98.16,101.3 2 1
github.com/OrbitalbooKING/booKING/server/services/accountservices.go:104.29,106.17 2 0
github.com/OrbitalbooKING/booKING/server/services/accountservices.go:111.3,112.17 2 0
github.com/OrbitalbooKING/booKING/server/services/accountservices.go:106.17,109.4 2 0
github.com/OrbitalbooKING/booKING/server/services/accountservices.go:112.17,115.4 2 0
github.com/OrbitalbooKING/booKING/server/services/accountservices.go:115.9,117.4 1 0
github.com/OrbitalbooKING/booKING/server/services/accountservices.go:134.51,137.3 2 0
github.com/OrbitalbooKING/booKING/server/services/accountservices.go:137.8,140.3 2 1
github.com/OrbitalbooKING/booKING/server/services/accountservices.go:146.60,148.3 1 1
github.com/OrbitalbooKING/booKING/server/services/accountservices.go:153.35,155.16 2 1
github.com/OrbitalbooKING/booKING/server/services/accountservices.go:159.2,159.13 1 1
github.com/OrbitalbooKING/booKING/server/services/accountservices.go:164.2,165.35 2 1
github.com/OrbitalbooKING/booKING/server/services/accountservices.go:155.16,158.3 2 0
github.com/OrbitalbooKING/booKING/server/services/accountservices.go:159.13,162.3 2 0
github.com/OrbitalbooKING/booKING/server/services/accountservices.go:169.28,171.49 2 1
github.com/OrbitalbooKING/booKING/server/services/accountservices.go:178.2,181.16 3 1
github.com/OrbitalbooKING/booKING/server/services/accountservices.go:185.2,185.13 1 1
github.com/OrbitalbooKING/booKING/server/services/accountservices.go:190.2,191.12 2 1
github.com/OrbitalbooKING/booKING/server/services/accountservices.go:198.2,199.16 2 1
github.com/OrbitalbooKING/booKING/server/services/accountservices.go:204.2,204.13 1 1
github.com/OrbitalbooKING/booKING/server/services/accountservices.go:210.2,210.67 1 1
github.com/OrbitalbooKING/booKING/server/services/accountservices.go:215.2,216.16 2 1
github.com/OrbitalbooKING/booKING/server/services/accountservices.go:221.2,221.13 1 1
github.com/OrbitalbooKING/booKING/server/services/accountservices.go:171.49,175.3 3 0
github.com/OrbitalbooKING/booKING/server/services/accountservices.go:181.16,184.3 2 0
github.com/OrbitalbooKING/booKING/server/services/accountservices.go:185.13,188.3 2 0
github.com/OrbitalbooKING/booKING/server/services/accountservices.go:191.12,195.3 3 0
github.com/OrbitalbooKING/booKING/server/services/accountservices.go:199.16,203.3 3 0
github.com/OrbitalbooKING/booKING/server/services/accountservices.go:204.13,207.3 2 0
github.com/OrbitalbooKING/booKING/server/services/accountservices.go:210.67,213.3 2 0
github.com/OrbitalbooKING/booKING/server/services/accountservices.go:216.16,220.3 3 0
github.com/OrbitalbooKING/booKING/server/services/accountservices.go:221.13,224.3 2 0
github.com/OrbitalbooKING/booKING/server/services/accountservices.go:224.8,232.3 3 1
github.com/OrbitalbooKING/booKING/server/services/accountservices.go:237.35,240.49 2 1
github.com/OrbitalbooKING/booKING/server/services/accountservices.go:247.2,247.80 1 1
github.com/OrbitalbooKING/booKING/server/services/accountservices.go:254.2,258.16 3 1
github.com/OrbitalbooKING/booKING/server/services/accountservices.go:263.2,263.13 1 1
github.com/OrbitalbooKING/booKING/server/services/accountservices.go:269.2,270.16 2 1
github.com/OrbitalbooKING/booKING/server/services/accountservices.go:276.2,276.18 1 1
github.com/OrbitalbooKING/booKING/server/services/accountservices.go:240.49,244.3 3 0
github.com/OrbitalbooKING/booKING/server/services/accountservices.go:247.80,251.3 3 0
github.com/OrbitalbooKING/booKING/server/services/accountservices.go:258.16,262.3 3 0
github.com/OrbitalbooKING/booKING/server/services/accountservices.go:263.13,267.3 3 0
github.com/OrbitalbooKING/booKING/server/services/accountservices.go:270.16,275.3 4 0
github.com/OrbitalbooKING/booKING/server/services/accountservices.go:276.18,279.3 2 1
github.com/OrbitalbooKING/booKING/server/services/accountservices.go:279.8,283.3 3 0
github.com/OrbitalbooKING/booKING/server/services/accountservices.go:288.36,291.49 2 1
github.com/OrbitalbooKING/booKING/server/services/accountservices.go:297.2,297.47 1 1
github.com/OrbitalbooKING/booKING/server/services/accountservices.go:302.2,307.16 3 1
github.com/OrbitalbooKING/booKING/server/services/accountservices.go:312.2,312.13 1 1
github.com/OrbitalbooKING/booKING/server/services/accountservices.go:319.2,320.15 2 1
github.com/OrbitalbooKING/booKING/server/services/accountservices.go:327.2,328.14 2 1
github.com/OrbitalbooKING/booKING/server/services/accountservices.go:334.2,336.50 2 1
github.com/OrbitalbooKING/booKING/server/services/accountservices.go:340.2,343.117 2 1
github.com/OrbitalbooKING/booKING/server/services/accountservices.go:349.2,350.45 2 1
github.com/OrbitalbooKING/booKING/server/services/accountservices.go:291.49,295.3 3 0
github.com/OrbitalbooKING/booKING/server/services/accountservices.go:297.47,299.3 1 0
github.com/OrbitalbooKING/booKING/server/services/accountservices.go:307.16,311.3 3 0
github.com/OrbitalbooKING/booKING/server/services/accountservices.go:312.13,316.3 3 0
github.com/OrbitalbooKING/booKING/server/services/accountservices.go:320.15,324.3 3 0
github.com/OrbitalbooKING/booKING/server/services/accountservices.go:328.14,332.3 3 0
github.com/OrbitalbooKING/booKING/server/services/accountservices.go:336.50,339.3 2 0
github.com/OrbitalbooKING/booKING/server/services/accountservices.go:343.117,347.3 3 0
github.com/OrbitalbooKING/booKING/server/services/accountservices.go:355.43,358.49 2 1
github.com/OrbitalbooKING/booKING/server/services/accountservices.go:365.2,365.80 1 1
github.com/OrbitalbooKING/booKING/server/services/accountservices.go:372.2,376.16 3 1
github.com/OrbitalbooKING/booKING/server/services/accountservices.go:381.2,381.13 1 1
github.com/OrbitalbooKING/booKING/server/services/accountservices.go:388.2,389.39 2 1
github.com/OrbitalbooKING/booKING/server/services/accountservices.go:392.2,392.16 1 1
github.com/OrbitalbooKING/booKING/server/services/accountservices.go:398.2,400.50 2 1
github.com/OrbitalbooKING/booKING/server/services/accountservices.go:406.2,406.113 1 1
github.com/OrbitalbooKING/booKING/server/services/accountservices.go:412.2,417.58 2 1
github.com/OrbitalbooKING/booKING/server/services/accountservices.go:358.49,362.3 3 0
github.com/OrbitalbooKING/booKING/server/services/accountservices.go:365.80,369.3 3 0
github.com/OrbitalbooKING/booKING/server/services/accountservices.go:376.16,380.3 3 0
github.com/OrbitalbooKING/booKING/server/services/accountservices.go:381.13,385.3 3 0
github.com/OrbitalbooKING/booKING/server/services/accountservices.go:389.39,391.3 1 0
github.com/OrbitalbooKING/booKING/server/services/accountservices.go:392.16,396.3 3 0
github.com/OrbitalbooKING/booKING/server/services/accountservices.go:400.50,403.3 2 0
github.com/OrbitalbooKING/booKING/server/services/accountservices.go:406.113,410.3 3 0
github.com/OrbitalbooKING/booKING/server/services/accountservices.go:417.58,421.3 3 1
github.com/OrbitalbooKING/booKING/server/services/accountservices.go:421.8,425.3 3 0
github.com/OrbitalbooKING/booKING/server/services/accountservices.go:430.33,432.43 2 1
github.com/OrbitalbooKING/booKING/server/services/accountservices.go:439.2,440.16 2 1
github.com/OrbitalbooKING/booKING/server/services/accountservices.go:445.2,445.13 1 1
github.com/OrbitalbooKING/booKING/server/services/accountservices.go:451.2,452.56 2 0
github.com/OrbitalbooKING/booKING/server/services/accountservices.go:432.43,436.3 3 0
github.com/OrbitalbooKING/booKING/server/services/accountservices.go:440.16,444.3 3 0
github.com/OrbitalbooKING/booKING/server/services/accountservices.go:445.13,449.3 3 1
github.com/OrbitalbooKING/booKING/server/services/accountservices.go:457.37,462.49 3 1
github.com/OrbitalbooKING/booKING/server/services/accountservices.go:468.2,471.13 3 1
github.com/OrbitalbooKING/booKING/server/services/accountservices.go:477.2,477.16 1 1
github.com/OrbitalbooKING/booKING/server/services/accountservices.go:483.2,483.54 1 1
github.com/OrbitalbooKING/booKING/server/services/accountservices.go:491.2,492.16 2 1
github.com/OrbitalbooKING/booKING/server/services/accountservices.go:499.2,500.16 2 1
github.com/OrbitalbooKING/booKING/server/services/accountservices.go:507.2,507.29 1 1
github.com/OrbitalbooKING/booKING/server/services/accountservices.go:515.2,517.74 2 1
github.com/OrbitalbooKING/booKING/server/services/accountservices.go:462.49,466.3 3 0
github.com/OrbitalbooKING/booKING/server/services/accountservices.go:471.13,476.3 4 0
github.com/OrbitalbooKING/booKING/server/services/accountservices.go:477.16,481.3 3 0
github.com/OrbitalbooKING/booKING/server/services/accountservices.go:483.54,489.3 4 0
github.com/OrbitalbooKING/booKING/server/services/accountservices.go:492.16,497.3 4 0
github.com/OrbitalbooKING/booKING/server/services/accountservices.go:500.16,505.3 4 0
github.com/OrbitalbooKING/booKING/server/services/accountservices.go:507.29,513.3 4 0
github.com/OrbitalbooKING/booKING/server/services/accountservices.go:522.34,525.39 2 1
github.com/OrbitalbooKING/booKING/server/services/accountservices.go:532.2,532.22 1 1
github.com/OrbitalbooKING/booKING/server/services/accountservices.go:538.2,538.49 1 1
github.com/OrbitalbooKING/booKING/server/services/accountservices.go:525.39,529.3 3 0
github.com/OrbitalbooKING/booKING/server/services/accountservices.go:532.22,536.3 3 0
github.com/OrbitalbooKING/booKING/server/services/accountservices.go:538.49,541.3 2 0
github.com/OrbitalbooKING/booKING/server/services/accountservices.go:541.8,544.3 2 1
github.com/OrbitalbooKING/booKING/server/services/accountservices.go:549.34,552.49 2 1
github.com/OrbitalbooKING/booKING/server/services/accountservices.go:559.2,559.80 1 1
github.com/OrbitalbooKING/booKING/server/services/accountservices.go:566.2,567.16 2 1
github.com/OrbitalbooKING/booKING/server/services/accountservices.go:571.2,571.13 1 1
github.com/OrbitalbooKING/booKING/server/services/accountservices.go:577.2,578.16 2 1
github.com/OrbitalbooKING/booKING/server/services/accountservices.go:582.2,582.13 1 1
github.com/OrbitalbooKING/booKING/server/services/accountservices.go:588.2,589.39 2 1
github.com/OrbitalbooKING/booKING/server/services/accountservices.go:592.2,592.16 1 1
github.com/OrbitalbooKING/booKING/server/services/accountservices.go:597.2,603.50 2 1
github.com/OrbitalbooKING/booKING/server/services/accountservices.go:608.2,621.52 2 1
github.com/OrbitalbooKING/booKING/server/services/accountservices.go:627.2,632.58 2 1
github.com/OrbitalbooKING/booKING/server/services/accountservices.go:552.49,556.3 3 0
github.com/OrbitalbooKING/booKING/server/services/accountservices.go:559.80,563.3 3 0
github.com/OrbitalbooKING/booKING/server/services/accountservices.go:567.16,570.3 2 0
github.com/OrbitalbooKING/booKING/server/services/accountservices.go:571.13,574.3 2 0
github.com/OrbitalbooKING/booKING/server/services/accountservices.go:578.16,581.3 2 0
github.com/OrbitalbooKING/booKING/server/services/accountservices.go:582.13,585.3 2 0
github.com/OrbitalbooKING/booKING/server/services/accountservices.go:589.39,591.3 1 1
github.com/OrbitalbooKING/booKING/server/services/accountservices.go:592.16,596.3 3 0
github.com/OrbitalbooKING/booKING/server/services/accountservices.go:603.50,606.3 2 0
github.com/OrbitalbooKING/booKING/server/services/accountservices.go:621.52,623.3 1 0
github.com/OrbitalbooKING/booKING/server/services/accountservices.go:623.8,625.3 1 1
github.com/OrbitalbooKING/booKING/server/services/accountservices.go:632.58,636.3 3 1
github.com/OrbitalbooKING/booKING/server/services/accountservices.go:636.8,640.3 3 0
github.com/OrbitalbooKING/booKING/server/services/accountservices.go:643.27,645.19 2 0
github.com/OrbitalbooKING/booKING/server/services/accountservices.go:651.2,652.21 2 0
github.com/OrbitalbooKING/booKING/server/services/accountservices.go:660.2,660.72 1 0
github.com/OrbitalbooKING/booKING/server/services/accountservices.go:665.2,670.16 3 0
github.com/OrbitalbooKING/booKING/server/services/accountservices.go:675.2,676.16 2 0
github.com/OrbitalbooKING/booKING/server/services/accountservices.go:680.2,680.13 1 0
github.com/OrbitalbooKING/booKING/server/services/accountservices.go:686.2,687.16 2 0
github.com/OrbitalbooKING/booKING/server/services/accountservices.go:691.2,691.13 1 0
github.com/OrbitalbooKING/booKING/server/services/accountservices.go:696.2,709.52 2 0
github.com/OrbitalbooKING/booKING/server/services/accountservices.go:645.19,646.28 1 0
github.com/OrbitalbooKING/booKING/server/services/accountservices.go:649.3,649.28 1 0
github.com/OrbitalbooKING/booKING/server/services/accountservices.go:646.28,648.4 1 0
github.com/OrbitalbooKING/booKING/server/services/accountservices.go:652.21,653.30 1 0
github.com/OrbitalbooKING/booKING/server/services/accountservices.go:656.3,656.32 1 0
github.com/OrbitalbooKING/booKING/server/services/accountservices.go:653.30,655.4 1 0
github.com/OrbitalbooKING/booKING/server/services/accountservices.go:660.72,662.3 1 0
github.com/OrbitalbooKING/booKING/server/services/accountservices.go:670.16,672.3 1 0
github.com/OrbitalbooKING/booKING/server/services/accountservices.go:676.16,679.3 2 0
github.com/OrbitalbooKING/booKING/server/services/accountservices.go:680.13,683.3 2 0
github.com/OrbitalbooKING/booKING/server/services/accountservices.go:687.16,690.3 2 0
github.com/OrbitalbooKING/booKING/server/services/accountservices.go:691.13,694.3 2 0
github.com/OrbitalbooKING/booKING/server/services/accountservices.go:709.52,711.3 1 0
github.com/OrbitalbooKING/booKING/server/services/accountservices.go:711.8,713.3 1 0
github.com/OrbitalbooKING/booKING/server/services/accountservices.go:716.92,720.44 4 1
github.com/OrbitalbooKING/booKING/server/services/accountservices.go:723.2,723.25 1 1
github.com/OrbitalbooKING/booKING/server/services/accountservices.go:726.2,726.31 1 1
github.com/OrbitalbooKING/booKING/server/services/accountservices.go:720.44,722.3 1 1
github.com/OrbitalbooKING/booKING/server/services/accountservices.go:723.25,725.3 1 0
github.com/OrbitalbooKING/booKING/server/services/accountservices.go:729.74,732.2 2 1
github.com/OrbitalbooKING/booKING/server/services/accountservices.go:734.93,738.44 4 1
github.com/OrbitalbooKING/booKING/server/services/accountservices.go:741.2,741.25 1 1
github.com/OrbitalbooKING/booKING/server/services/accountservices.go:744.2,744.33 1 1
github.com/OrbitalbooKING/booKING/server/services/accountservices.go:738.44,740.3 1 1
github.com/OrbitalbooKING/booKING/server/services/accountservices.go:741.25,743.3 1 0
github.com/OrbitalbooKING/booKING/server/services/accountservices.go:747.64,748.50 1 1
github.com/OrbitalbooKING/booKING/server/services/accountservices.go:751.2,751.12 1 1
github.com/OrbitalbooKING/booKING/server/services/accountservices.go:748.50,750.3 1 0
github.com/OrbitalbooKING/booKING/server/services/accountservices.go:754.68,758.44 4 1
github.com/OrbitalbooKING/booKING/server/services/accountservices.go:761.2,761.25 1 1
github.com/OrbitalbooKING/booKING/server/services/accountservices.go:764.2,764.29 1 1
github.com/OrbitalbooKING/booKING/server/services/accountservices.go:758.44,760.3 1 1
github.com/OrbitalbooKING/booKING/server/services/accountservices.go:761.25,763.3 1 0
github.com/OrbitalbooKING/booKING/server/services/accountservices.go:767.80,770.44 3 1
github.com/OrbitalbooKING/booKING/server/services/accountservices.go:773.2,773.25 1 1
github.com/OrbitalbooKING/booKING/server/services/accountservices.go:776.2,776.29 1 1
github.com/OrbitalbooKING/booKING/server/services/accountservices.go:770.44,772.3 1 1
github.com/OrbitalbooKING/booKING/server/services/accountservices.go:773.25,775.3 1 0
github.com/OrbitalbooKING/booKING/server/services/accountservices.go:779.99,781.94 2 1
github.com/OrbitalbooKING/booKING/server/services/accountservices.go:784.2,784.12 1 1
github.com/OrbitalbooKING/booKING/server/services/accountservices.go:781.94,783.3 1 0
github.com/OrbitalbooKING/booKING/server/services/accountservices.go:787.107,789.75 2 1
github.com/OrbitalbooKING/booKING/server/services/accountservices.go:792.2,792.12 1 1
github.com/OrbitalbooKING/booKING/server/services/accountservices.go:789.75,791.3 1 0
github.com/OrbitalbooKING/booKING/server/services/accountservices.go:795.60,802.66 6 1
github.com/OrbitalbooKING/booKING/server/services/accountservices.go:810.2,810.66 1 1
github.com/OrbitalbooKING/booKING/server/services/accountservices.go:818.2,818.66 1 1
github.com/OrbitalbooKING/booKING/server/services/accountservices.go:826.2,826.69 1 1
github.com/OrbitalbooKING/booKING/server/services/accountservices.go:834.2,834.13 1 1
github.com/OrbitalbooKING/booKING/server/services/accountservices.go:802.66,803.17 1 0
github.com/OrbitalbooKING/booKING/server/services/accountservices.go:806.3,808.15 3 0
github.com/OrbitalbooKING/booKING/server/services/accountservices.go:803.17,805.4 1 0
github.com/OrbitalbooKING/booKING/server/services/accountservices.go:810.66,811.17 1 0
github.com/OrbitalbooKING/booKING/server/services/accountservices.go:814.3,816.15 3 0
github.com/OrbitalbooKING/booKING/server/services/accountservices.go:811.17,813.4 1 0
github.com/OrbitalbooKING/booKING/server/services/accountservices.go:818.66,819.17 1 1
github.com/OrbitalbooKING/booKING/server/services/accountservices.go:822.3,824.15 3 1
github.com/OrbitalbooKING/booKING/server/services/accountservices.go:819.17,821.4 1 0
github.com/OrbitalbooKING/booKING/server/services/accountservices.go:826.69,827.17 1 0
github.com/OrbitalbooKING/booKING/server/services/accountservices.go:830.3,832.15 3 0
github.com/OrbitalbooKING/booKING/server/services/accountservices.go:827.17,829.4 1 0
github.com/OrbitalbooKING/booKING/server/services/accountservices.go:837.54,841.69 4 1
github.com/OrbitalbooKING/booKING/server/services/accountservices.go:849.2,849.70 1 1
github.com/OrbitalbooKING/booKING/server/services/accountservices.go:857.2,857.13 1 1
github.com/OrbitalbooKING/booKING/server/services/accountservices.go:841.69,842.17 1 0
github.com/OrbitalbooKING/booKING/server/services/accountservices.go:845.3,847.15 3 0
github.com/OrbitalbooKING/booKING/server/services/accountservices.go:842.17,844.4 1 0
github.com/OrbitalbooKING/booKING/server/services/accountservices.go:849.70,850.17 1 0
github.com/OrbitalbooKING/booKING/server/services/accountservices.go:853.3,855.15 3 0
github.com/OrbitalbooKING/booKING/server/services/accountservices.go:850.17,852.4 1 0
github.com/OrbitalbooKING/booKING/server/services/accountservices.go:860.70,864.44 4 0
github.com/OrbitalbooKING/booKING/server/services/accountservices.go:867.2,867.25 1 0
github.com/OrbitalbooKING/booKING/server/services/accountservices.go:870.2,870.27 1 0
github.com/OrbitalbooKING/booKING/server/services/accountservices.go:864.44,866.3 1 0
github.com/OrbitalbooKING/booKING/server/services/accountservices.go:867.25,869.3 1 0
github.com/OrbitalbooKING/booKING/server/services/accountservices.go:873.95,879.44 4 1
github.com/OrbitalbooKING/booKING/server/services/accountservices.go:882.2,882.25 1 0
github.com/OrbitalbooKING/booKING/server/services/accountservices.go:885.2,886.16 2 0
github.com/OrbitalbooKING/booKING/server/services/accountservices.go:891.2,891.29 1 0
github.com/OrbitalbooKING/booKING/server/services/accountservices.go:879.44,881.3 1 1
github.com/OrbitalbooKING/booKING/server/services/accountservices.go:882.25,884.3 1 0
github.com/OrbitalbooKING/booKING/server/services/accountservices.go:886.16,888.3 1 0
github.com/OrbitalbooKING/booKING/server/services/accountservices.go:888.8,890.3 1 0
github.com/OrbitalbooKING/booKING/server/services/accountservices.go:894.81,898.44 4 1
github.com/OrbitalbooKING/booKING/server/services/accountservices.go:901.2,901.25 1 1
github.com/OrbitalbooKING/booKING/server/services/accountservices.go:904.2,904.31 1 1
github.com/OrbitalbooKING/booKING/server/services/accountservices.go:898.44,900.3 1 0
github.com/OrbitalbooKING/booKING/server/services/accountservices.go:901.25,903.3 1 0
github.com/OrbitalbooKING/booKING/server/services/accountservices.go:907.50,909.20 2 1
github.com/OrbitalbooKING/booKING/server/services/accountservices.go:916.2,917.21 2 0
github.com/OrbitalbooKING/booKING/server/services/accountservices.go:925.2,932.16 2 0
github.com/OrbitalbooKING/booKING/server/services/accountservices.go:936.2,936.15 1 0
github.com/OrbitalbooKING/booKING/server/services/accountservices.go:909.20,910.45 1 1
github.com/OrbitalbooKING/booKING/server/services/accountservices.go:910.45,912.4 1 1
github.com/OrbitalbooKING/booKING/server/services/accountservices.go:912.9,914.4 1 0
github.com/OrbitalbooKING/booKING/server/services/accountservices.go:917.21,918.46 1 0
github.com/OrbitalbooKING/booKING/server/services/accountservices.go:918.46,920.4 1 0
github.com/OrbitalbooKING/booKING/server/services/accountservices.go:920.9,922.4 1 0
github.com/OrbitalbooKING/booKING/server/services/accountservices.go:932.16,934.3 1 0
github.com/OrbitalbooKING/booKING/server/services/accountservices.go:939.115,948.16 5 0
github.com/OrbitalbooKING/booKING/server/services/accountservices.go:952.2,955.22 3 0
github.com/OrbitalbooKING/booKING/server/services/accountservices.go:966.2,977.16 2 0
github.com/OrbitalbooKING/booKING/server/services/accountservices.go:981.2,981.16 1 0
github.com/OrbitalbooKING/booKING/server/services/accountservices.go:948.16,951.3 2 0
github.com/OrbitalbooKING/booKING/server/services/accountservices.go:955.22,956.47 1 0
github.com/OrbitalbooKING/booKING/server/services/accountservices.go:956.47,958.4 1 0
github.com/OrbitalbooKING/booKING/server/services/accountservices.go:958.9,960.4 1 0
github.com/OrbitalbooKING/booKING/server/services/accountservices.go:977.16,979.3 1 0
github.com/OrbitalbooKING/booKING/server/services/accountservices.go:984.54,986.22 2 0
github.com/OrbitalbooKING/booKING/server/services/accountservices.go:994.2,995.20 2 0
github.com/OrbitalbooKING/booKING/server/services/accountservices.go:1001.2,1003.17 2 0
github.com/OrbitalbooKING/booKING/server/services/accountservices.go:986.22,987.47 1 0
github.com/OrbitalbooKING/booKING/server/services/accountservices.go:987.47,989.4 1 0
github.com/OrbitalbooKING/booKING/server/services/accountservices.go:989.9,991.4 1 0
github.com/OrbitalbooKING/booKING/server/services/accountservices.go:995.20,997.3 1 0
github.com/OrbitalbooKING/booKING/server/services/accountservices.go:997.8,999.3 1 0
github.com/OrbitalbooKING/booKING/server/services/accountservices.go:1006.68,1010.25 4 1
github.com/OrbitalbooKING/booKING/server/services/accountservices.go:1014.2,1014.29 1 1
github.com/OrbitalbooKING/booKING/server/services/accountservices.go:1023.2,1023.28 1 1
github.com/OrbitalbooKING/booKING/server/services/accountservices.go:1032.2,1032.32 1 1
github.com/OrbitalbooKING/booKING/server/services/accountservices.go:1065.2,1066.45 2 1
github.com/OrbitalbooKING/booKING/server/services/accountservices.go:1070.2,1071.81 2 1
github.com/OrbitalbooKING/booKING/server/services/accountservices.go:1074.2,1074.12 1 1
github.com/OrbitalbooKING/booKING/server/services/accountservices.go:1010.25,1013.3 2 1
github.com/OrbitalbooKING/booKING/server/services/accountservices.go:1014.29,1015.14 1 1
github.com/OrbitalbooKING/booKING/server/services/accountservices.go:1020.3,1021.17 2 1
github.com/OrbitalbooKING/booKING/server/services/accountservices.go:1015.14,1017.4 1 1
github.com/OrbitalbooKING/booKING/server/services/accountservices.go:1017.9,1019.4 1 0
github.com/OrbitalbooKING/booKING/server/services/accountservices.go:1023.28,1024.14 1 1
github.com/OrbitalbooKING/booKING/server/services/accountservices.go:1029.3,1030.17 2 1
github.com/OrbitalbooKING/booKING/server/services/accountservices.go:1024.14,1026.4 1 1
github.com/OrbitalbooKING/booKING/server/services/accountservices.go:1026.9,1028.4 1 0
github.com/OrbitalbooKING/booKING/server/services/accountservices.go:1032.32,1035.17 3 0
github.com/OrbitalbooKING/booKING/server/services/accountservices.go:1040.3,1041.17 2 0
github.com/OrbitalbooKING/booKING/server/services/accountservices.go:1045.3,1045.33 1 0
github.com/OrbitalbooKING/booKING/server/services/accountservices.go:1059.3,1060.77 2 0
github.com/OrbitalbooKING/booKING/server/services/accountservices.go:1063.3,1063.13 1 0
github.com/OrbitalbooKING/booKING/server/services/accountservices.go:1035.17,1037.4 1 0
github.com/OrbitalbooKING/booKING/server/services/accountservices.go:1041.17,1043.4 1 0
github.com/OrbitalbooKING/booKING/server/services/accountservices.go:1045.33,1047.18 2 0
github.com/OrbitalbooKING/booKING/server/services/accountservices.go:1051.4,1052.18 2 0
github.com/OrbitalbooKING/booKING/server/services/accountservices.go:1047.18,1049.5 1 0
github.com/OrbitalbooKING/booKING/server/services/accountservices.go:1052.18,1054.5 1 0
github.com/OrbitalbooKING/booKING/server/services/accountservices.go:1054.10,1056.5 1 0
github.com/OrbitalbooKING/booKING/server/services/accountservices.go:1060.77,1062.4 1 0
github.com/OrbitalbooKING/booKING/server/services/accountservices.go:1066.45,1068.3 1 0
github.com/OrbitalbooKING/booKING/server/services/accountservices.go:1071.81,1073.3 1 0
github.com/OrbitalbooKING/booKING/server/services/accountservices.go:1077.63,1082.83 5 1
github.com/OrbitalbooKING/booKING/server/services/accountservices.go:1091.2,1091.72 1 0
github.com/OrbitalbooKING/booKING/server/services/accountservices.go:1082.83,1083.65 1 0
github.com/OrbitalbooKING/booKING/server/services/accountservices.go:1083.65,1085.4 1 0
github.com/OrbitalbooKING/booKING/server/services/accountservices.go:1085.9,1087.4 1 0
github.com/OrbitalbooKING/booKING/server/services/accountservices.go:1088.8,1090.3 1 1
github.com/OrbitalbooKING/booKING/server/services/accountservices.go:1091.72,1093.3 1 0
github.com/OrbitalbooKING/booKING/server/services/accountservices.go:1093.8,1095.3 1 0
github.com/OrbitalbooKING/booKING/server/services/bookingservices.go:22.33,25.50 2 0
github.com/OrbitalbooKING/booKING/server/services/bookingservices.go:31.2,32.16 2 0
github.com/OrbitalbooKING/booKING/server/services/bookingservices.go:37.2,38.16 2 0
github.com/OrbitalbooKING/booKING/server/services/bookingservices.go:43.2,44.16 2 0
github.com/OrbitalbooKING/booKING/server/services/bookingservices.go:49.2,50.16 2 0
github.com/OrbitalbooKING/booKING/server/services/bookingservices.go:55.2,58.35 3 0
github.com/OrbitalbooKING/booKING/server/services/bookingservices.go:25.50,29.3 3 0
github.com/OrbitalbooKING/booKING/server/services/bookingservices.go:32.16,35.3 2 0
github.com/OrbitalbooKING/booKING/server/services/bookingservices.go:38.16,41.3 2 0
github.com/OrbitalbooKING/booKING/server/services/bookingservices.go:44.16,47.3 2 0
github.com/OrbitalbooKING/booKING/server/services/bookingservices.go:50.16,53.3 2 0
github.com/OrbitalbooKING/booKING/server/services/bookingservices.go:63.34,68.49 3 0
github.com/OrbitalbooKING/booKING/server/services/bookingservices.go:74.2,75.16 2 0
github.com/OrbitalbooKING/booKING/server/services/bookingservices.go:80.2,81.16 2 0
github.com/OrbitalbooKING/booKING/server/services/bookingservices.go:86.2,87.36 2 0
github.com/OrbitalbooKING/booKING/server/services/bookingservices.go:103.2,104.16 2 0
github.com/OrbitalbooKING/booKING/server/services/bookingservices.go:110.2,110.60 1 0
github.com/OrbitalbooKING/booKING/server/services/bookingservices.go:116.2,118.28 3 0
github.com/OrbitalbooKING/booKING/server/services/bookingservices.go:68.49,72.3 3 0
github.com/OrbitalbooKING/booKING/server/services/bookingservices.go:75.16,78.3 2 0
github.com/OrbitalbooKING/booKING/server/services/bookingservices.go:81.16,84.3 2 0
github.com/OrbitalbooKING/booKING/server/services/bookingservices.go:87.36,89.14 2 0
github.com/OrbitalbooKING/booKING/server/services/bookingservices.go:94.3,94.17 1 0
github.com/OrbitalbooKING/booKING/server/services/bookingservices.go:100.3,100.39 1 0
github.com/OrbitalbooKING/booKING/server/services/bookingservices.go:89.14,93.4 3 0
github.com/OrbitalbooKING/booKING/server/services/bookingservices.go:94.17,98.4 3 0
github.com/OrbitalbooKING/booKING/server/services/bookingservices.go:104.16,108.3 3 0
github.com/OrbitalbooKING/booKING/server/services/bookingservices.go:110.60,114.3 3 0
github.com/OrbitalbooKING/booKING/server/services/bookingservices.go:123.40,125.50 2 0
github.com/OrbitalbooKING/booKING/server/services/bookingservices.go:131.2,132.16 2 0
github.com/OrbitalbooKING/booKING/server/services/bookingservices.go:137.2,138.16 2 0
github.com/OrbitalbooKING/booKING/server/services/bookingservices.go:143.2,144.16 2 0
github.com/OrbitalbooKING/booKING/server/services/bookingservices.go:149.2,150.35 2 0
github.com/OrbitalbooKING/booKING/server/services/bookingservices.go:125.50,129.3 3 0
github.com/OrbitalbooKING/booKING/server/services/bookingservices.go:132.16,135.3 2 0
github.com/OrbitalbooKING/booKING/server/services/bookingservices.go:138.16,141.3 2 0
github.com/OrbitalbooKING/booKING/server/services/bookingservices.go:144.16,147.3 2 0
github.com/OrbitalbooKING/booKING/server/services/bookingservices.go:155.41,160.49 3 0
github.com/OrbitalbooKING/booKING/server/services/bookingservices.go:167.2,168.16 2 0
github.com/OrbitalbooKING/booKING/server/services/bookingservices.go:173.2,174.16 2 0
github.com/OrbitalbooKING/booKING/server/services/bookingservices.go:179.2,180.26 2 0
github.com/OrbitalbooKING/booKING/server/services/bookingservices.go:223.2,225.25 3 0
github.com/OrbitalbooKING/booKING/server/services/bookingservices.go:160.49,164.3 3 0
github.com/OrbitalbooKING/booKING/server/services/bookingservices.go:168.16,171.3 2 0
github.com/OrbitalbooKING/booKING/server/services/bookingservices.go:174.16,177.3 2 0
github.com/OrbitalbooKING/booKING/server/services/bookingservices.go:180.26,182.17 2 0
github.com/OrbitalbooKING/booKING/server/services/bookingservices.go:186.3,189.17 3 0
github.com/OrbitalbooKING/booKING/server/services/bookingservices.go:194.3,195.17 2 0
github.com/OrbitalbooKING/booKING/server/services/bookingservices.go:199.3,199.12 1 0
github.com/OrbitalbooKING/booKING/server/services/bookingservices.go:203.3,203.41 1 0
github.com/OrbitalbooKING/booKING/server/services/bookingservices.go:182.17,185.4 2 0
github.com/OrbitalbooKING/booKING/server/services/bookingservices.go:189.17,192.4 2 0
github.com/OrbitalbooKING/booKING/server/services/bookingservices.go:195.17,198.4 2 0
github.com/OrbitalbooKING/booKING/server/services/bookingservices.go:199.12,201.4 1 0
github.com/OrbitalbooKING/booKING/server/services/bookingservices.go:203.41,206.18 2 0
github.com/OrbitalbooKING/booKING/server/services/bookingservices.go:206.18,209.5 2 0
github.com/OrbitalbooKING/booKING/server/services/bookingservices.go:209.10,209.91 1 0
github.com/OrbitalbooKING/booKING/server/services/bookingservices.go:209.91,212.70 3 0
github.com/OrbitalbooKING/booKING/server/services/bookingservices.go:212.70,215.6 2 0
github.com/OrbitalbooKING/booKING/server/services/bookingservices.go:215.11,218.6 2 0
github.com/OrbitalbooKING/booKING/server/services/bookingservices.go:230.44,232.50 2 0
github.com/OrbitalbooKING/booKING/server/services/bookingservices.go:238.2,239.16 2 0
github.com/OrbitalbooKING/booKING/server/services/bookingservices.go:244.2,246.28 3 0
github.com/OrbitalbooKING/booKING/server/services/bookingservices.go:232.50,236.3 3 0
github.com/OrbitalbooKING/booKING/server/services/bookingservices.go:239.16,242.3 2 0
github.com/OrbitalbooKING/booKING/server/services/bookingservices.go:251.46,253.50 2 0
github.com/OrbitalbooKING/booKING/server/services/bookingservices.go:259.2,260.16 2 0
github.com/OrbitalbooKING/booKING/server/services/bookingservices.go:265.2,267.28 3 0
github.com/OrbitalbooKING/booKING/server/services/bookingservices.go:253.50,257.3 3 0
github.com/OrbitalbooKING/booKING/server/services/bookingservices.go:260.16,263.3 2 0
github.com/OrbitalbooKING/booKING/server/services/bookingservices.go:272.34,274.43 2 0
github.com/OrbitalbooKING/booKING/server/services/bookingservices.go:280.2,281.16 2 0
github.com/OrbitalbooKING/booKING/server/services/bookingservices.go:285.2,285.13 1 0
github.com/OrbitalbooKING/booKING/server/services/bookingservices.go:274.43,278.3 3 0
github.com/OrbitalbooKING/booKING/server/services/bookingservices.go:281.16,284.3 2 0
github.com/OrbitalbooKING/booKING/server/services/bookingservices.go:285.13,288.3 2 0
github.com/OrbitalbooKING/booKING/server/services/bookingservices.go:288.8,291.3 2 0
github.com/OrbitalbooKING/booKING/server/services/bookingservices.go:296.41,299.75 2 0
github.com/OrbitalbooKING/booKING/server/services/bookingservices.go:306.2,306.67 1 0
github.com/OrbitalbooKING/booKING/server/services/bookingservices.go:313.2,314.16 2 0
github.com/OrbitalbooKING/booKING/server/services/bookingservices.go:318.2,318.13 1 0
github.com/OrbitalbooKING/booKING/server/services/bookingservices.go:299.75,302.3 2 0
github.com/OrbitalbooKING/booKING/server/services/bookingservices.go:302.8,304.3 1 0
github.com/OrbitalbooKING/booKING/server/services/bookingservices.go:306.67,309.3 2 0
github.com/OrbitalbooKING/booKING/server/services/bookingservices.go:309.8,311.3 1 0
github.com/OrbitalbooKING/booKING/server/services/bookingservices.go:314.16,317.3 2 0
github.com/OrbitalbooKING/booKING/server/services/bookingservices.go:318.13,321.3 2 0
github.com/OrbitalbooKING/booKING/server/services/bookingservices.go:321.8,324.3 2 0
github.com/OrbitalbooKING/booKING/server/services/bookingservices.go:329.38,331.49 2 0
github.com/OrbitalbooKING/booKING/server/services/bookingservices.go:338.2,339.16 2 0
github.com/OrbitalbooKING/booKING/server/services/bookingservices.go:345.2,346.16 2 0
github.com/OrbitalbooKING/booKING/server/services/bookingservices.go:331.49,335.3 3 0
github.com/OrbitalbooKING/booKING/server/services/bookingservices.go:339.16,343.3 3 0
github.com/OrbitalbooKING/booKING/server/services/bookingservices.go:346.16,349.3 2 0
github.com/OrbitalbooKING/booKING/server/services/bookingservices.go:349.8,353.3 3 0
github.com/OrbitalbooKING/booKING/server/services/bookingservices.go:358.35,360.44 2 0
github.com/OrbitalbooKING/booKING/server/services/bookingservices.go:366.2,367.16 2 0
github.com/OrbitalbooKING/booKING/server/services/bookingservices.go:372.2,372.13 1 0
github.com/OrbitalbooKING/booKING/server/services/bookingservices.go:360.44,364.3 3 0
github.com/OrbitalbooKING/booKING/server/services/bookingservices.go:367.16,371.3 3 0
github.com/OrbitalbooKING/booKING/server/services/bookingservices.go:372.13,375.3 2 0
github.com/OrbitalbooKING/booKING/server/services/bookingservices.go:375.8,378.3 2 0
github.com/OrbitalbooKING/booKING/server/services/bookingservices.go:383.44,385.50 2 0
github.com/OrbitalbooKING/booKING/server/services/bookingservices.go:391.2,392.13 2 0
github.com/OrbitalbooKING/booKING/server/services/bookingservices.go:398.2,398.16 1 0
github.com/OrbitalbooKING/booKING/server/services/bookingservices.go:405.2,406.16 2 0
github.com/OrbitalbooKING/booKING/server/services/bookingservices.go:411.2,412.16 2 0
github.com/OrbitalbooKING/booKING/server/services/bookingservices.go:419.2,420.16 2 0
github.com/OrbitalbooKING/booKING/server/services/bookingservices.go:427.2,428.35 2 0
github.com/OrbitalbooKING/booKING/server/services/bookingservices.go:385.50,389.3 3 0
github.com/OrbitalbooKING/booKING/server/services/bookingservices.go:392.13,397.3 4 0
github.com/OrbitalbooKING/booKING/server/services/bookingservices.go:398.16,403.3 4 0
github.com/OrbitalbooKING/booKING/server/services/bookingservices.go:406.16,409.3 2 0
github.com/OrbitalbooKING/booKING/server/services/bookingservices.go:412.16,417.3 4 0
github.com/OrbitalbooKING/booKING/server/services/bookingservices.go:420.16,425.3 4 0
github.com/OrbitalbooKING/booKING/server/services/bookingservices.go:433.36,435.49 2 0
github.com/OrbitalbooKING/booKING/server/services/bookingservices.go:442.2,443.16 2 0
github.com/OrbitalbooKING/booKING/server/services/bookingservices.go:449.2,450.16 2 0
github.com/OrbitalbooKING/booKING/server/services/bookingservices.go:460.2,461.13 2 0
github.com/OrbitalbooKING/booKING/server/services/bookingservices.go:467.2,467.16 1 0
github.com/OrbitalbooKING/booKING/server/services/bookingservices.go:474.2,475.16 2 0
github.com/OrbitalbooKING/booKING/server/services/bookingservices.go:482.2,483.16 2 0
github.com/OrbitalbooKING/booKING/server/services/bookingservices.go:489.2,489.58 1 0
github.com/OrbitalbooKING/booKING/server/services/bookingservices.go:495.2,498.29 3 0
github.com/OrbitalbooKING/booKING/server/services/bookingservices.go:435.49,439.3 3 0
github.com/OrbitalbooKING/booKING/server/services/bookingservices.go:443.16,447.3 3 0
github.com/OrbitalbooKING/booKING/server/services/bookingservices.go:450.16,454.3 3 0
github.com/OrbitalbooKING/booKING/server/services/bookingservices.go:454.8,457.3 2 0
github.com/OrbitalbooKING/booKING/server/services/bookingservices.go:461.13,466.3 4 0
github.com/OrbitalbooKING/booKING/server/services/bookingservices.go:467.16,472.3 4 0
github.com/OrbitalbooKING/booKING/server/services/bookingservices.go:475.16,480.3 4 0
github.com/OrbitalbooKING/booKING/server/services/bookingservices.go:483.16,487.3 3 0
github.com/OrbitalbooKING/booKING/server/services/bookingservices.go:489.58,493.3 3 0
github.com/OrbitalbooKING/booKING/server/services/bookingservices.go:501.100,514.44 4 0
github.com/OrbitalbooKING/booKING/server/services/bookingservices.go:517.2,517.25 1 0
github.com/OrbitalbooKING/booKING/server/services/bookingservices.go:520.2,520.28 1 0
github.com/OrbitalbooKING/booKING/server/services/bookingservices.go:514.44,516.3 1 0
github.com/OrbitalbooKING/booKING/server/services/bookingservices.go:517.25,519.3 1 0
github.com/OrbitalbooKING/booKING/server/services/bookingservices.go:524.74,527.108 2 1
github.com/OrbitalbooKING/booKING/server/services/bookingservices.go:547.2,547.18 1 1
github.com/OrbitalbooKING/booKING/server/services/bookingservices.go:527.108,533.35 5 1
github.com/OrbitalbooKING/booKING/server/services/bookingservices.go:545.3,545.38 1 1
github.com/OrbitalbooKING/booKING/server/services/bookingservices.go:533.35,534.43 1 1
github.com/OrbitalbooKING/booKING/server/services/bookingservices.go:534.43,535.47 1 1
github.com/OrbitalbooKING/booKING/server/services/bookingservices.go:540.5,540.40 1 1
github.com/OrbitalbooKING/booKING/server/services/bookingservices.go:535.47,537.6 1 1
github.com/OrbitalbooKING/booKING/server/services/bookingservices.go:540.40,542.6 1 1
github.com/OrbitalbooKING/booKING/server/services/bookingservices.go:551.79,561.129 3 1
github.com/OrbitalbooKING/booKING/server/services/bookingservices.go:564.2,564.27 1 1
github.com/OrbitalbooKING/booKING/server/services/bookingservices.go:561.129,563.3 1 0
github.com/OrbitalbooKING/booKING/server/services/bookingservices.go:567.97,577.44 4 1
github.com/OrbitalbooKING/booKING/server/services/bookingservices.go:580.2,580.25 1 1
github.com/OrbitalbooKING/booKING/server/services/bookingservices.go:583.2,583.28 1 1
github.com/OrbitalbooKING/booKING/server/services/bookingservices.go:577.44,579.3 1 1
github.com/OrbitalbooKING/booKING/server/services/bookingservices.go:580.25,582.3 1 0
github.com/OrbitalbooKING/booKING/server/services/bookingservices.go:586.98,596.44 4 0
github.com/OrbitalbooKING/booKING/server/services/bookingservices.go:599.2,599.25 1 0
github.com/OrbitalbooKING/booKING/server/services/bookingservices.go:602.2,602.41 1 0
github.com/OrbitalbooKING/booKING/server/services/bookingservices.go:605.2,605.28 1 0
github.com/OrbitalbooKING/booKING/server/services/bookingservices.go:596.44,598.3 1 0
github.com/OrbitalbooKING/booKING/server/services/bookingservices.go:599.25,601.3 1 0
github.com/OrbitalbooKING/booKING/server/services/bookingservices.go:602.41,604.3 1 0
github.com/OrbitalbooKING/booKING/server/services/bookingservices.go:608.99,611.96 3 1
github.com/OrbitalbooKING/booKING/server/services/bookingservices.go:614.2,614.19 1 1
github.com/OrbitalbooKING/booKING/server/services/bookingservices.go:611.96,613.3 1 0
github.com/OrbitalbooKING/booKING/server/services/bookingservices.go:617.59,620.42 2 1
github.com/OrbitalbooKING/booKING/server/services/bookingservices.go:623.2,624.34 2 1
github.com/OrbitalbooKING/booKING/server/services/bookingservices.go:627.2,627.25 1 1
github.com/OrbitalbooKING/booKING/server/services/bookingservices.go:620.42,622.3 1 0
github.com/OrbitalbooKING/booKING/server/services/bookingservices.go:624.34,626.3 1 1
github.com/OrbitalbooKING/booKING/server/services/bookingservices.go:630.91,634.80 3 1
github.com/OrbitalbooKING/booKING/server/services/bookingservices.go:637.2,637.24 1 1
github.com/OrbitalbooKING/booKING/server/services/bookingservices.go:634.80,636.3 1 0
github.com/OrbitalbooKING/booKING/server/services/bookingservices.go:640.104,650.125 4 1
github.com/OrbitalbooKING/booKING/server/services/bookingservices.go:653.2,653.28 1 1
github.com/OrbitalbooKING/booKING/server/services/bookingservices.go:650.125,652.3 1 0
github.com/OrbitalbooKING/booKING/server/services/bookingservices.go:656.121,660.44 4 1
github.com/OrbitalbooKING/booKING/server/services/bookingservices.go:667.2,667.24 1 1
github.com/OrbitalbooKING/booKING/server/services/bookingservices.go:660.44,661.76 1 1
github.com/OrbitalbooKING/booKING/server/services/bookingservices.go:661.76,663.4 1 0
github.com/OrbitalbooKING/booKING/server/services/bookingservices.go:663.9,665.4 1 1
github.com/OrbitalbooKING/booKING/server/services/bookingservices.go:667.24,669.3 1 0
github.com/OrbitalbooKING/booKING/server/services/bookingservices.go:669.8,671.3 1 1
github.com/OrbitalbooKING/booKING/server/services/bookingservices.go:674.124,679.44 5 0
github.com/OrbitalbooKING/booKING/server/services/bookingservices.go:709.2,709.24 1 0
github.com/OrbitalbooKING/booKING/server/services/bookingservices.go:679.44,681.14 2 0
github.com/OrbitalbooKING/booKING/server/services/bookingservices.go:685.3,685.17 1 0
github.com/OrbitalbooKING/booKING/server/services/bookingservices.go:690.3,690.85 1 0
github.com/OrbitalbooKING/booKING/server/services/bookingservices.go:697.3,697.76 1 0
github.com/OrbitalbooKING/booKING/server/services/bookingservices.go:681.14,683.12 2 0
github.com/OrbitalbooKING/booKING/server/services/bookingservices.go:685.17,687.12 2 0
github.com/OrbitalbooKING/booKING/server/services/bookingservices.go:690.85,692.12 2 0
github.com/OrbitalbooKING/booKING/server/services/bookingservices.go:693.9,695.4 1 0
github.com/OrbitalbooKING/booKING/server/services/bookingservices.go:697.76,699.80 2 0
github.com/OrbitalbooKING/booKING/server/services/bookingservices.go:699.80,701.5 1 0
github.com/OrbitalbooKING/booKING/server/services/bookingservices.go:701.10,704.5 2 0
github.com/OrbitalbooKING/booKING/server/services/bookingservices.go:705.9,707.4 1 0
github.com/OrbitalbooKING/booKING/server/services/bookingservices.go:709.24,711.3 1 0
github.com/OrbitalbooKING/booKING/server/services/bookingservices.go:711.8,713.3 1 0
github.com/OrbitalbooKING/booKING/server/services/bookingservices.go:716.82,718.69 2 1
github.com/OrbitalbooKING/booKING/server/services/bookingservices.go:718.69,720.3 1 0
github.com/OrbitalbooKING/booKING/server/services/bookingservices.go:720.8,722.3 1 1
github.com/OrbitalbooKING/booKING/server/services/bookingservices.go:725.79,727.69 2 1
github.com/OrbitalbooKING/booKING/server/services/bookingservices.go:727.69,729.3 1 0
github.com/OrbitalbooKING/booKING/server/services/bookingservices.go:729.8,731.3 1 1
github.com/OrbitalbooKING/booKING/server/services/bookingservices.go:734.126,741.111 3 1
github.com/OrbitalbooKING/booKING/server/services/bookingservices.go:746.2,746.29 1 1
github.com/OrbitalbooKING/booKING/server/services/bookingservices.go:741.111,742.31 1 0
github.com/OrbitalbooKING/booKING/server/services/bookingservices.go:742.31,744.4 1 0
github.com/OrbitalbooKING/booKING/server/services/bookingservices.go:749.160,751.22 1 1
github.com/OrbitalbooKING/booKING/server/services/bookingservices.go:751.22,755.3 2 0
github.com/OrbitalbooKING/booKING/server/services/bookingservices.go:755.8,756.18 1 1
github.com/OrbitalbooKING/booKING/server/services/bookingservices.go:759.3,771.64 3 1
github.com/OrbitalbooKING/booKING/server/services/bookingservices.go:756.18,758.4 1 1
github.com/OrbitalbooKING/booKING/server/services/bookingservices.go:771.64,774.4 2 0
github.com/OrbitalbooKING/booKING/server/services/bookingservices.go:774.9,776.4 1 1
github.com/OrbitalbooKING/booKING/server/services/bookingservices.go:780.120,788.118 3 1
github.com/OrbitalbooKING/booKING/server/services/bookingservices.go:795.2,796.30 2 1
github.com/OrbitalbooKING/booKING/server/services/bookingservices.go:788.118,789.31 1 0
github.com/OrbitalbooKING/booKING/server/services/bookingservices.go:789.32,790.4 0 0
github.com/OrbitalbooKING/booKING/server/services/bookingservices.go:790.9,792.4 1 0
github.com/OrbitalbooKING/booKING/server/services/bookingservices.go:799.93,805.90 3 1
github.com/OrbitalbooKING/booKING/server/services/bookingservices.go:808.2,808.19 1 1
github.com/OrbitalbooKING/booKING/server/services/bookingservices.go:805.90,807.3 1 0
github.com/OrbitalbooKING/booKING/server/services/bookingservices.go:811.95,815.36 4 1
github.com/OrbitalbooKING/booKING/server/services/bookingservices.go:822.2,822.37 1 1
github.com/OrbitalbooKING/booKING/server/services/bookingservices.go:825.2,825.21 1 1
github.com/OrbitalbooKING/booKING/server/services/bookingservices.go:815.36,816.55 1 1
github.com/OrbitalbooKING/booKING/server/services/bookingservices.go:816.55,818.4 1 1
github.com/OrbitalbooKING/booKING/server/services/bookingservices.go:818.9,820.4 1 1
github.com/OrbitalbooKING/booKING/server/services/bookingservices.go:822.37,824.3 1 1
github.com/OrbitalbooKING/booKING/server/services/bookingservices.go:828.122,833.36 5 0
github.com/OrbitalbooKING/booKING/server/services/bookingservices.go:864.2,864.37 1 0
github.com/OrbitalbooKING/booKING/server/services/bookingservices.go:867.2,867.36 1 0
github.com/OrbitalbooKING/booKING/server/services/bookingservices.go:833.36,835.14 2 0
github.com/OrbitalbooKING/booKING/server/services/bookingservices.go:841.3,841.17 1 0
github.com/OrbitalbooKING/booKING/server/services/bookingservices.go:847.3,847.55 1 0
github.com/OrbitalbooKING/booKING/server/services/bookingservices.go:853.3,854.17 2 0
github.com/OrbitalbooKING/booKING/server/services/bookingservices.go:835.14,839.12 4 0
github.com/OrbitalbooKING/booKING/server/services/bookingservices.go:841.17,845.4 3 0
github.com/OrbitalbooKING/booKING/server/services/bookingservices.go:847.55,849.4 1 0
github.com/OrbitalbooKING/booKING/server/services/bookingservices.go:849.9,851.4 1 0
github.com/OrbitalbooKING/booKING/server/services/bookingservices.go:854.17,858.12 4 0
github.com/OrbitalbooKING/booKING/server/services/bookingservices.go:859.9,861.4 1 0
github.com/OrbitalbooKING/booKING/server/services/bookingservices.go:864.37,866.3 1 0
github.com/OrbitalbooKING/booKING/server/services/bookingservices.go:870.113,872.36 2 0
github.com/OrbitalbooKING/booKING/server/services/bookingservices.go:876.2,877.13 2 0
github.com/OrbitalbooKING/booKING/server/services/bookingservices.go:880.2,880.16 1 0
github.com/OrbitalbooKING/booKING/server/services/bookingservices.go:884.2,890.32 2 0
github.com/OrbitalbooKING/booKING/server/services/bookingservices.go:895.2,896.22 2 0
github.com/OrbitalbooKING/booKING/server/services/bookingservices.go:872.36,874.3 1 0
github.com/OrbitalbooKING/booKING/server/services/bookingservices.go:877.13,879.3 1 0
github.com/OrbitalbooKING/booKING/server/services/bookingservices.go:880.16,882.3 1 0
github.com/OrbitalbooKING/booKING/server/services/bookingservices.go:890.32,893.3 2 0
github.com/OrbitalbooKING/booKING/server/services/bookingservices.go:899.149,901.36 2 0
github.com/OrbitalbooKING/booKING/server/services/bookingservices.go:905.2,906.13 2 0
github.com/OrbitalbooKING/booKING/server/services/bookingservices.go:909.2,909.16 1 0
github.com/OrbitalbooKING/booKING/server/services/bookingservices.go:913.2,919.48 2 0
github.com/OrbitalbooKING/booKING/server/services/bookingservices.go:924.2,925.22 2 0
github.com/OrbitalbooKING/booKING/server/services/bookingservices.go:901.36,903.3 1 0
github.com/OrbitalbooKING/booKING/server/services/bookingservices.go:906.13,908.3 1 0
github.com/OrbitalbooKING/booKING/server/services/bookingservices.go:909.16,911.3 1 0
github.com/OrbitalbooKING/booKING/server/services/bookingservices.go:919.48,922.3 2 0
github.com/OrbitalbooKING/booKING/server/services/bookingservices.go:928.65,929.14 1 1
github.com/OrbitalbooKING/booKING/server/services/bookingservices.go:929.14,931.3 1 0
github.com/OrbitalbooKING/booKING/server/services/bookingservices.go:931.8,933.3 1 1
github.com/OrbitalbooKING/booKING/server/services/csvservices.go:17.53,19.16 2 1
github.com/OrbitalbooKING/booKING/server/services/csvservices.go:22.2,23.23 2 1
github.com/OrbitalbooKING/booKING/server/services/csvservices.go:49.2,50.17 2 1
github.com/OrbitalbooKING/booKING/server/services/csvservices.go:53.2,59.31 6 1
github.com/OrbitalbooKING/booKING/server/services/csvservices.go:63.2,63.18 1 1
github.com/OrbitalbooKING/booKING/server/services/csvservices.go:19.16,21.3 1 0
github.com/OrbitalbooKING/booKING/server/services/csvservices.go:23.23,24.87 1 1
github.com/OrbitalbooKING/booKING/server/services/csvservices.go:24.87,26.4 1 0
github.com/OrbitalbooKING/booKING/server/services/csvservices.go:26.9,26.31 1 1
github.com/OrbitalbooKING/booKING/server/services/csvservices.go:26.31,28.4 1 0
github.com/OrbitalbooKING/booKING/server/services/csvservices.go:28.9,28.52 1 1
github.com/OrbitalbooKING/booKING/server/services/csvservices.go:28.52,30.4 1 0
github.com/OrbitalbooKING/booKING/server/services/csvservices.go:30.9,30.31 1 1
github.com/OrbitalbooKING/booKING/server/services/csvservices.go:30.31,32.4 1 0
github.com/OrbitalbooKING/booKING/server/services/csvservices.go:32.9,32.31 1 1
github.com/OrbitalbooKING/booKING/server/services/csvservices.go:32.31,34.4 1 0
github.com/OrbitalbooKING/booKING/server/services/csvservices.go:34.9,34.31 1 1
github.com/OrbitalbooKING/booKING/server/services/csvservices.go:34.31,36.4 1 0
github.com/OrbitalbooKING/booKING/server/services/csvservices.go:36.9,36.31 1 1
github.com/OrbitalbooKING/booKING/server/services/csvservices.go:36.31,38.4 1 0
github.com/OrbitalbooKING/booKING/server/services/csvservices.go:38.9,38.31 1 1
github.com/OrbitalbooKING/booKING/server/services/csvservices.go:38.31,40.4 1 0
github.com/OrbitalbooKING/booKING/server/services/csvservices.go:40.9,40.31 1 1
github.com/OrbitalbooKING/booKING/server/services/csvservices.go:40.31,42.4 1 0
github.com/OrbitalbooKING/booKING/server/services/csvservices.go:42.9,42.31 1 1
github.com/OrbitalbooKING/booKING/server/services/csvservices.go:42.31,44.4 1 0
github.com/OrbitalbooKING/booKING/server/services/csvservices.go:44.9,46.4 1 1
github.com/OrbitalbooKING/booKING/server/services/csvservices.go:50.17,52.3 1 0
github.com/OrbitalbooKING/booKING/server/services/csvservices.go:59.31,61.3 1 1
github.com/OrbitalbooKING/booKING/server/services/csvservices.go:67.28,70.16 3 0
github.com/OrbitalbooKING/booKING/server/services/csvservices.go:78.2,80.36 3 0
github.com/OrbitalbooKING/booKING/server/services/csvservices.go:101.2,101.81 1 0
github.com/OrbitalbooKING/booKING/server/services/csvservices.go:70.16,73.3 2 0
github.com/OrbitalbooKING/booKING/server/services/csvservices.go:73.8,76.3 2 0
github.com/OrbitalbooKING/booKING/server/services/csvservices.go:80.36,82.61 1 0
github.com/OrbitalbooKING/booKING/server/services/csvservices.go:89.3,94.55 2 0
github.com/OrbitalbooKING/booKING/server/services/csvservices.go:82.61,84.12 2 0
github.com/OrbitalbooKING/booKING/server/services/csvservices.go:85.9,87.4 1 0
github.com/OrbitalbooKING/booKING/server/services/csvservices.go:94.55,96.4 1 0
github.com/OrbitalbooKING/booKING/server/services/csvservices.go:96.9,98.4 1 0
github.com/OrbitalbooKING/booKING/server/services/csvservices.go:105.31,108.16 3 0
github.com/OrbitalbooKING/booKING/server/services/csvservices.go:116.2,118.36 3 0
github.com/OrbitalbooKING/booKING/server/services/csvservices.go:139.2,139.84 1 0
github.com/OrbitalbooKING/booKING/server/services/csvservices.go:108.16,111.3 2 0
github.com/OrbitalbooKING/booKING/server/services/csvservices.go:111.8,114.3 2 0
github.com/OrbitalbooKING/booKING/server/services/csvservices.go:118.36,120.61 1 0
github.com/OrbitalbooKING/booKING/server/services/csvservices.go:127.3,132.57 2 0
github.com/OrbitalbooKING/booKING/server/services/csvservices.go:120.61,122.12 2 0
github.com/OrbitalbooKING/booKING/server/services/csvservices.go:123.9,125.4 1 0
github.com/OrbitalbooKING/booKING/server/services/csvservices.go:132.57,134.4 1 0
github.com/OrbitalbooKING/booKING/server/services/csvservices.go:134.9,136.4 1 0
github.com/OrbitalbooKING/booKING/server/services/csvservices.go:143.33,146.16 3 0
github.com/OrbitalbooKING/booKING/server/services/csvservices.go:154.2,156.36 3 0
github.com/OrbitalbooKING/booKING/server/services/csvservices.go:177.2,177.86 1 0
github.com/OrbitalbooKING/booKING/server/services/csvservices.go:146.16,149.3 2 0
github.com/OrbitalbooKING/booKING/server/services/csvservices.go:149.8,152.3 2 0
github.com/OrbitalbooKING/booKING/server/services/csvservices.go:156.36,158.61 1 0
github.com/OrbitalbooKING/booKING/server/services/csvservices.go:165.3,170.60 2 0
github.com/OrbitalbooKING/booKING/server/services/csvservices.go:158.61,160.12 2 0
github.com/OrbitalbooKING/booKING/server/services/csvservices.go:161.9,163.4 1 0
github.com/OrbitalbooKING/booKING/server/services/csvservices.go:170.60,172.4 1 0
github.com/OrbitalbooKING/booKING/server/services/csvservices.go:172.9,174.4 1 0
github.com/OrbitalbooKING/booKING/server/services/csvservices.go:181.29,184.16 3 0
github.com/OrbitalbooKING/booKING/server/services/csvservices.go:192.2,194.36 3 0
github.com/OrbitalbooKING/booKING/server/services/csvservices.go:215.2,215.82 1 0
github.com/OrbitalbooKING/booKING/server/services/csvservices.go:184.16,187.3 2 0
github.com/OrbitalbooKING/booKING/server/services/csvservices.go:187.8,190.3 2 0
github.com/OrbitalbooKING/booKING/server/services/csvservices.go:194.36,196.61 1 0
github.com/OrbitalbooKING/booKING/server/services/csvservices.go:203.3,208.55 2 0
github.com/OrbitalbooKING/booKING/server/services/csvservices.go:196.61,198.12 2 0
github.com/OrbitalbooKING/booKING/server/services/csvservices.go:199.9,201.4 1 0
github.com/OrbitalbooKING/booKING/server/services/csvservices.go:208.55,210.4 1 0
github.com/OrbitalbooKING/booKING/server/services/csvservices.go:210.9,212.4 1 0
github.com/OrbitalbooKING/booKING/server/services/csvservices.go:219.31,222.16 3 0
github.com/OrbitalbooKING/booKING/server/services/csvservices.go:230.2,232.36 3 0
github.com/OrbitalbooKING/booKING/server/services/csvservices.go:252.2,252.84 1 0
github.com/OrbitalbooKING/booKING/server/services/csvservices.go:222.16,225.3 2 0
github.com/OrbitalbooKING/booKING/server/services/csvservices.go:225.8,228.3 2 0
github.com/OrbitalbooKING/booKING/server/services/csvservices.go:232.36,234.61 1 0
github.com/OrbitalbooKING/booKING/server/services/csvservices.go:241.3,245.57 2 0
github.com/OrbitalbooKING/booKING/server/services/csvservices.go:234.61,236.12 2 0
github.com/OrbitalbooKING/booKING/server/services/csvservices.go:237.9,239.4 1 0
github.com/OrbitalbooKING/booKING/server/services/csvservices.go:245.57,247.4 1 0
github.com/OrbitalbooKING/booKING/server/services/csvservices.go:247.9,249.4 1 0
github.com/OrbitalbooKING/booKING/server/services/csvservices.go:256.25,259.16 3 0
github.com/OrbitalbooKING/booKING/server/services/csvservices.go:267.2,269.36 3 0
github.com/OrbitalbooKING/booKING/server/services/csvservices.go:290.2,290.78 1 0
github.com/OrbitalbooKING/booKING/server/services/csvservices.go:259.16,262.3 2 0
github.com/OrbitalbooKING/booKING/server/services/csvservices.go:262.8,265.3 2 0
github.com/OrbitalbooKING/booKING/server/services/csvservices.go:269.36,271.61 1 0
github.com/OrbitalbooKING/booKING/server/services/csvservices.go:278.3,283.51 2 0
github.com/OrbitalbooKING/booKING/server/services/csvservices.go:271.61,273.12 2 0
github.com/OrbitalbooKING/booKING/server/services/csvservices.go:274.9,276.4 1 0
github.com/OrbitalbooKING/booKING/server/services/csvservices.go:283.51,285.4 1 0
github.com/OrbitalbooKING/booKING/server/services/csvservices.go:285.9,287.4 1 0
github.com/OrbitalbooKING/booKING/server/services/csvservices.go:294.22,297.16 3 0
github.com/OrbitalbooKING/booKING/server/services/csvservices.go:305.2,306.36 2 0
github.com/OrbitalbooKING/booKING/server/services/csvservices.go:328.2,328.79 1 0
github.com/OrbitalbooKING/booKING/server/services/csvservices.go:297.16,300.3 2 0
github.com/OrbitalbooKING/booKING/server/services/csvservices.go:300.8,303.3 2 0
github.com/OrbitalbooKING/booKING/server/services/csvservices.go:306.36,311.80 3 0
github.com/OrbitalbooKING/booKING/server/services/csvservices.go:311.80,312.29 1 0
github.com/OrbitalbooKING/booKING/server/services/csvservices.go:312.29,315.72 2 0
github.com/OrbitalbooKING/booKING/server/services/csvservices.go:315.72,317.6 1 0
github.com/OrbitalbooKING/booKING/server/services/csvservices.go:317.11,319.6 1 0
github.com/OrbitalbooKING/booKING/server/services/csvservices.go:320.10,322.13 2 0
github.com/OrbitalbooKING/booKING/server/services/csvservices.go:324.9,325.12 1 0
github.com/OrbitalbooKING/booKING/server/services/csvservices.go:332.22,335.16 3 0
github.com/OrbitalbooKING/booKING/server/services/csvservices.go:343.2,344.53 2 0
github.com/OrbitalbooKING/booKING/server/services/csvservices.go:387.2,390.31 4 0
github.com/OrbitalbooKING/booKING/server/services/csvservices.go:335.16,338.3 2 0
github.com/OrbitalbooKING/booKING/server/services/csvservices.go:338.8,341.3 2 0
github.com/OrbitalbooKING/booKING/server/services/csvservices.go:344.53,348.26 3 0
github.com/OrbitalbooKING/booKING/server/services/csvservices.go:348.26,349.12 1 0
github.com/OrbitalbooKING/booKING/server/services/csvservices.go:350.9,350.93 1 0
github.com/OrbitalbooKING/booKING/server/services/csvservices.go:350.93,351.29 1 0
github.com/OrbitalbooKING/booKING/server/services/csvservices.go:351.29,354.99 2 0
github.com/OrbitalbooKING/booKING/server/services/csvservices.go:372.5,373.84 2 0
github.com/OrbitalbooKING/booKING/server/services/csvservices.go:354.99,355.79 1 0
github.com/OrbitalbooKING/booKING/server/services/csvservices.go:355.79,357.15 2 0
github.com/OrbitalbooKING/booKING/server/services/csvservices.go:359.11,359.53 1 0
github.com/OrbitalbooKING/booKING/server/services/csvservices.go:359.53,360.80 1 0
github.com/OrbitalbooKING/booKING/server/services/csvservices.go:360.80,362.15 2 0
github.com/OrbitalbooKING/booKING/server/services/csvservices.go:364.11,365.82 1 0
github.com/OrbitalbooKING/booKING/server/services/csvservices.go:365.82,367.15 2 0
github.com/OrbitalbooKING/booKING/server/services/csvservices.go:373.84,375.14 2 0
github.com/OrbitalbooKING/booKING/server/services/csvservices.go:376.11,378.6 1 0
github.com/OrbitalbooKING/booKING/server/services/csvservices.go:379.10,381.13 2 0
github.com/OrbitalbooKING/booKING/server/services/csvservices.go:383.9,384.12 1 0
github.com/OrbitalbooKING/booKING/server/services/csvservices.go:394.19,397.16 3 0
github.com/OrbitalbooKING/booKING/server/services/csvservices.go:405.2,406.36 2 0
github.com/OrbitalbooKING/booKING/server/services/csvservices.go:477.2,477.76 1 0
github.com/OrbitalbooKING/booKING/server/services/csvservices.go:397.16,400.3 2 0
github.com/OrbitalbooKING/booKING/server/services/csvservices.go:400.8,403.3 2 0
github.com/OrbitalbooKING/booKING/server/services/csvservices.go:406.36,413.27 4 0
github.com/OrbitalbooKING/booKING/server/services/csvservices.go:420.3,426.21 5 0
github.com/OrbitalbooKING/booKING/server/services/csvservices.go:429.3,429.79 1 0
github.com/OrbitalbooKING/booKING/server/services/csvservices.go:433.3,438.78 4 0
github.com/OrbitalbooKING/booKING/server/services/csvservices.go:442.3,446.36 3 0
github.com/OrbitalbooKING/booKING/server/services/csvservices.go:449.3,470.49 5 0
github.com/OrbitalbooKING/booKING/server/services/csvservices.go:413.27,415.4 1 0
github.com/OrbitalbooKING/booKING/server/services/csvservices.go:415.9,417.4 1 0
github.com/OrbitalbooKING/booKING/server/services/csvservices.go:426.21,427.12 1 0
github.com/OrbitalbooKING/booKING/server/services/csvservices.go:429.79,431.12 2 0
github.com/OrbitalbooKING/booKING/server/services/csvservices.go:438.78,440.12 2 0
github.com/OrbitalbooKING/booKING/server/services/csvservices.go:446.36,448.4 1 0
github.com/OrbitalbooKING/booKING/server/services/csvservices.go:470.49,472.12 2 0
github.com/OrbitalbooKING/booKING/server/services/csvservices.go:473.9,475.4 1 0
github.com/OrbitalbooKING/booKING/server/services/csvservices.go:481.28,484.16 3 0
github.com/OrbitalbooKING/booKING/server/services/csvservices.go:492.2,495.36 4 0
github.com/OrbitalbooKING/booKING/server/services/csvservices.go:521.2,521.81 1 0
github.com/OrbitalbooKING/booKING/server/services/csvservices.go:484.16,487.3 2 0
github.com/OrbitalbooKING/booKING/server/services/csvservices.go:487.8,490.3 2 0
github.com/OrbitalbooKING/booKING/server/services/csvservices.go:495.36,497.40 1 0
github.com/OrbitalbooKING/booKING/server/services/csvservices.go:506.3,513.55 2 0
github.com/OrbitalbooKING/booKING/server/services/csvservices.go:497.40,498.67 1 0
github.com/OrbitalbooKING/booKING/server/services/csvservices.go:498.67,500.13 2 0
github.com/OrbitalbooKING/booKING/server/services/csvservices.go:501.10,503.5 1 0
github.com/OrbitalbooKING/booKING/server/services/csvservices.go:513.55,515.12 2 0
github.com/OrbitalbooKING/booKING/server/services/csvservices.go:516.9,518.4 1 0
github.com/OrbitalbooKING/booKING/server/services/csvservices.go:525.24,528.16 3 0
github.com/OrbitalbooKING/booKING/server/services/csvservices.go:536.2,538.36 3 0
github.com/OrbitalbooKING/booKING/server/services/csvservices.go:560.2,560.79 1 0
github.com/OrbitalbooKING/booKING/server/services/csvservices.go:528.16,531.3 2 0
github.com/OrbitalbooKING/booKING/server/services/csvservices.go:531.8,534.3 2 0
github.com/OrbitalbooKING/booKING/server/services/csvservices.go:538.36,540.61 1 0
github.com/OrbitalbooKING/booKING/server/services/csvservices.go:547.3,552.52 2 0
github.com/OrbitalbooKING/booKING/server/services/csvservices.go:540.61,542.12 2 0
github.com/OrbitalbooKING/booKING/server/services/csvservices.go:543.9,545.4 1 0
github.com/OrbitalbooKING/booKING/server/services/csvservices.go:552.52,554.12 2 0
github.com/OrbitalbooKING/booKING/server/services/csvservices.go:555.9,557.4 1 0
github.com/OrbitalbooKING/booKING/server/services/csvservices.go:564.29,567.16 3 0
github.com/OrbitalbooKING/booKING/server/services/csvservices.go:575.2,578.36 4 0
github.com/OrbitalbooKING/booKING/server/services/csvservices.go:603.2,603.82 1 0
github.com/OrbitalbooKING/booKING/server/services/csvservices.go:567.16,570.3 2 0
github.com/OrbitalbooKING/booKING/server/services/csvservices.go:570.8,573.3 2 0
github.com/OrbitalbooKING/booKING/server/services/csvservices.go:578.36,580.40 1 0
github.com/OrbitalbooKING/booKING/server/services/csvservices.go:589.3,595.57 2 0
github.com/OrbitalbooKING/booKING/server/services/csvservices.go:580.40,581.67 1 0
github.com/OrbitalbooKING/booKING/server/services/csvservices.go:581.67,583.13 2 0
github.com/OrbitalbooKING/booKING/server/services/csvservices.go:584.10,586.5 1 0
github.com/OrbitalbooKING/booKING/server/services/csvservices.go:595.57,597.12 2 0
github.com/OrbitalbooKING/booKING/server/services/csvservices.go:598.9,600.4 1 0
github.com/OrbitalbooKING/booKING/server/services/csvservices.go:606.19,621.2 12 0
github.com/OrbitalbooKING/booKING/server/services/notificationservices.go:14.76,17.34 2 0
github.com/OrbitalbooKING/booKING/server/services/notificationservices.go:30.2,64.3 1 0
github.com/OrbitalbooKING/booKING/server/services/notificationservices.go:17.34,28.3 2 0
github.com/OrbitalbooKING/booKING/server/services/notificationservices.go:67.64,95.2 1 0
github.com/OrbitalbooKING/booKING/server/services/notificationservices.go:97.72,125.2 1 0
github.com/OrbitalbooKING/booKING/server/services/notificationservices.go:127.58,161.2 1 0
github.com/OrbitalbooKING/booKING/server/services/notificationservices.go:163.60,195.2 1 0
github.com/OrbitalbooKING/booKING/server/services/notificationservices.go:197.76,224.2 1 0
github.com/OrbitalbooKING/booKING/server/services/notificationservices.go:226.75,242.16 3 0
github.com/OrbitalbooKING/booKING/server/services/notificationservices.go:248.2,249.20 2 0
github.com/OrbitalbooKING/booKING/server/services/notificationservices.go:257.2,267.16 5 0
github.com/OrbitalbooKING/booKING/server/services/notificationservices.go:271.2,279.16 5 0
github.com/OrbitalbooKING/booKING/server/services/notificationservices.go:282.2,283.12 2 0
github.com/OrbitalbooKING/booKING/server/services/notificationservices.go:242.16,243.40 1 0
github.com/OrbitalbooKING/booKING/server/services/notificationservices.go:246.3,246.37 1 0
github.com/OrbitalbooKING/booKING/server/services/notificationservices.go:243.40,245.4 1 0
github.com/OrbitalbooKING/booKING/server/services/notificationservices.go:249.20,250.41 1 0
github.com/OrbitalbooKING/booKING/server/services/notificationservices.go:253.3,253.42 1 0
github.com/OrbitalbooKING/booKING/server/services/notificationservices.go:250.41,252.4 1 0
github.com/OrbitalbooKING/booKING/server/services/notificationservices.go:267.16,269.3 1 0
github.com/OrbitalbooKING/booKING/server/services/notificationservices.go:279.16,281.3 1 0
github.com/OrbitalbooKING/booKING/server/services/notificationservices.go:286.101,288.13 2 0
github.com/OrbitalbooKING/booKING/server/services/notificationservices.go:291.2,291.16 1 0
github.com/OrbitalbooKING/booKING/server/services/notificationservices.go:295.2,299.8 1 0
github.com/OrbitalbooKING/booKING/server/services/notificationservices.go:288.13,290.3 1 0
github.com/OrbitalbooKING/booKING/server/services/notificationservices.go:291.16,293.3 1 0
github.com/OrbitalbooKING/booKING/server/services/notificationservices.go:302.63,318.16 3 1
github.com/OrbitalbooKING/booKING/server/services/notificationservices.go:324.2,325.20 2 0
github.com/OrbitalbooKING/booKING/server/services/notificationservices.go:333.2,343.16 5 0
github.com/OrbitalbooKING/booKING/server/services/notificationservices.go:347.2,355.16 5 0
github.com/OrbitalbooKING/booKING/server/services/notificationservices.go:358.2,359.12 2 0
github.com/OrbitalbooKING/booKING/server/services/notificationservices.go:318.16,319.40 1 1
github.com/OrbitalbooKING/booKING/server/services/notificationservices.go:322.3,322.37 1 0
github.com/OrbitalbooKING/booKING/server/services/notificationservices.go:319.40,321.4 1 1
github.com/OrbitalbooKING/booKING/server/services/notificationservices.go:325.20,326.41 1 0
github.com/OrbitalbooKING/booKING/server/services/notificationservices.go:329.3,329.42 1 0
github.com/OrbitalbooKING/booKING/server/services/notificationservices.go:326.41,328.4 1 0
github.com/OrbitalbooKING/booKING/server/services/notificationservices.go:343.16,345.3 1 0
github.com/OrbitalbooKING/booKING/server/services/notificationservices.go:355.16,357.3 1 0
github.com/OrbitalbooKING/booKING/server/services/notificationservices.go:362.71,378.16 3 1
github.com/OrbitalbooKING/booKING/server/services/notificationservices.go:384.2,385.20 2 0
github.com/OrbitalbooKING/booKING/server/services/notificationservices.go:393.2,403.16 5 0
github.com/OrbitalbooKING/booKING/server/services/notificationservices.go:407.2,415.16 5 0
github.com/OrbitalbooKING/booKING/server/services/notificationservices.go:418.2,419.12 2 0
github.com/OrbitalbooKING/booKING/server/services/notificationservices.go:378.16,379.40 1 1
github.com/OrbitalbooKING/booKING/server/services/notificationservices.go:382.3,382.37 1 0
github.com/OrbitalbooKING/booKING/server/services/notificationservices.go:379.40,381.4 1 1
github.com/OrbitalbooKING/booKING/server/services/notificationservices.go:385.20,386.41 1 0
github.com/OrbitalbooKING/booKING/server/services/notificationservices.go:389.3,389.42 1 0
github.com/OrbitalbooKING/booKING/server/services/notificationservices.go:386.41,388.4 1 0
github.com/OrbitalbooKING/booKING/server/services/notificationservices.go:403.16,405.3 1 0
github.com/OrbitalbooKING/booKING/server/services/notificationservices.go:415.16,417.3 1 0
github.com/OrbitalbooKING/booKING/server/services/notificationservices.go:422.64,438.16 3 0
github.com/OrbitalbooKING/booKING/server/services/notificationservices.go:444.2,445.20 2 0
github.com/OrbitalbooKING/booKING/server/services/notificationservices.go:453.2,463.16 5 0
github.com/OrbitalbooKING/booKING/server/services/notificationservices.go:467.2,475.16 5 0
github.com/OrbitalbooKING/booKING/server/services/notificationservices.go:478.2,479.12 2 0
github.com/OrbitalbooKING/booKING/server/services/notificationservices.go:438.16,439.40 1 0
github.com/OrbitalbooKING/booKING/server/services/notificationservices.go:442.3,442.37 1 0
github.com/OrbitalbooKING/booKING/server/services/notificationservices.go:439.40,441.4 1 0
github.com/OrbitalbooKING/booKING/server/services/notificationservices.go:445.20,446.41 1 0
github.com/OrbitalbooKING/booKING/server/services/notificationservices.go:449.3,449.42 1 0
github.com/OrbitalbooKING/booKING/server/services/notificationservices.go:446.41,448.4 1 0
github.com/OrbitalbooKING/booKING/server/services/notificationservices.go:463.16,465.3 1 0
github.com/OrbitalbooKING/booKING/server/services/notificationservices.go:475.16,477.3 1 0
github.com/OrbitalbooKING/booKING/server/services/notificationservices.go:482.96,484.13 2 0
github.com/OrbitalbooKING/booKING/server/services/notificationservices.go:487.2,487.16 1 0
github.com/OrbitalbooKING/booKING/server/services/notificationservices.go:491.2,492.13 2 0
github.com/OrbitalbooKING/booKING/server/services/notificationservices.go:495.2,495.16 1 0
github.com/OrbitalbooKING/booKING/server/services/notificationservices.go:499.2,506.24 2 0
github.com/OrbitalbooKING/booKING/server/services/notificationservices.go:484.13,486.3 1 0
github.com/OrbitalbooKING/booKING/server/services/notificationservices.go:487.16,489.3 1 0
github.com/OrbitalbooKING/booKING/server/services/notificationservices.go:492.13,494.3 1 0
github.com/OrbitalbooKING/booKING/server/services/notificationservices.go:495.16,497.3 1 0
github.com/OrbitalbooKING/booKING/server/services/notificationservices.go:509.66,525.16 3 0
github.com/OrbitalbooKING/booKING/server/services/notificationservices.go:531.2,532.20 2 0
github.com/OrbitalbooKING/booKING/server/services/notificationservices.go:540.2,550.16 5 0
github.com/OrbitalbooKING/booKING/server/services/notificationservices.go:554.2,562.16 5 0
github.com/OrbitalbooKING/booKING/server/services/notificationservices.go:565.2,566.12 2 0
github.com/OrbitalbooKING/booKING/server/services/notificationservices.go:525.16,526.40 1 0
github.com/OrbitalbooKING/booKING/server/services/notificationservices.go:529.3,529.37 1 0
github.com/OrbitalbooKING/booKING/server/services/notificationservices.go:526.40,528.4 1 0
github.com/OrbitalbooKING/booKING/server/services/notificationservices.go:532.20,533.41 1 0
github.com/OrbitalbooKING/booKING/server/services/notificationservices.go:536.3,536.42 1 0
github.com/OrbitalbooKING/booKING/server/services/notificationservices.go:533.41,535.4 1 0
github.com/OrbitalbooKING/booKING/server/services/notificationservices.go:550.16,552.3 1 0
github.com/OrbitalbooKING/booKING/server/services/notificationservices.go:562.16,564.3 1 0
github.com/OrbitalbooKING/booKING/server/services/notificationservices.go:569.75,585.16 3 1
github.com/OrbitalbooKING/booKING/server/services/notificationservices.go:591.2,592.20 2 0
github.com/OrbitalbooKING/booKING/server/services/notificationservices.go:600.2,610.16 5 0
github.com/OrbitalbooKING/booKING/server/services/notificationservices.go:614.2,622.16 5 0
github.com/OrbitalbooKING/booKING/server/services/notificationservices.go:625.2,626.12 2 0
github.com/OrbitalbooKING/booKING/server/services/notificationservices.go:585.16,586.40 1 1
github.com/OrbitalbooKING/booKING/server/services/notificationservices.go:589.3,589.37 1 0
github.com/OrbitalbooKING/booKING/server/services/notificationservices.go:586.40,588.4 1 1
github.com/OrbitalbooKING/booKING/server/services/notificationservices.go:592.20,593.41 1 0
github.com/OrbitalbooKING/booKING/server/services/notificationservices.go:596.3,596.42 1 0
github.com/OrbitalbooKING/booKING/server/services/notificationservices.go:593.41,595.4 1 0
github.com/OrbitalbooKING/booKING/server/services/notificationservices.go:610.16,612.3 1 0
github.com/OrbitalbooKING/booKING/server/services/notificationservices.go:622.16,624.3 1 0
