mode: set
server/services/accountservices.go:17.31,20.49 2 0
server/services/accountservices.go:27.2,27.33 1 0
server/services/accountservices.go:34.2,39.16 3 0
server/services/accountservices.go:42.2,46.16 3 0
server/services/accountservices.go:50.2,50.13 1 0
server/services/accountservices.go:56.2,57.16 2 0
server/services/accountservices.go:61.2,61.13 1 0
server/services/accountservices.go:66.2,80.51 2 0
server/services/accountservices.go:85.2,86.46 2 0
server/services/accountservices.go:20.49,24.3 3 0
server/services/accountservices.go:27.33,31.3 3 0
server/services/accountservices.go:39.16,41.3 1 0
server/services/accountservices.go:46.16,49.3 2 0
server/services/accountservices.go:50.13,53.3 2 0
server/services/accountservices.go:57.16,60.3 2 0
server/services/accountservices.go:61.13,64.3 2 0
server/services/accountservices.go:80.51,83.3 2 0
server/services/accountservices.go:91.33,93.16 2 0
server/services/accountservices.go:97.2,97.13 1 0
server/services/accountservices.go:102.2,103.35 2 0
server/services/accountservices.go:93.16,96.3 2 0
server/services/accountservices.go:97.13,100.3 2 0
server/services/accountservices.go:107.28,109.49 2 0
server/services/accountservices.go:115.2,116.16 2 0
server/services/accountservices.go:120.2,120.13 1 0
server/services/accountservices.go:125.2,126.12 2 0
server/services/accountservices.go:133.2,134.16 2 0
server/services/accountservices.go:139.2,139.13 1 0
server/services/accountservices.go:145.2,145.67 1 0
server/services/accountservices.go:150.2,155.35 3 0
server/services/accountservices.go:109.49,113.3 3 0
server/services/accountservices.go:116.16,119.3 2 0
server/services/accountservices.go:120.13,123.3 2 0
server/services/accountservices.go:126.12,130.3 3 0
server/services/accountservices.go:134.16,138.3 3 0
server/services/accountservices.go:139.13,142.3 2 0
server/services/accountservices.go:145.67,148.3 2 0
server/services/accountservices.go:160.36,163.49 2 0
server/services/accountservices.go:170.2,170.34 1 0
server/services/accountservices.go:177.2,182.16 3 0
server/services/accountservices.go:187.2,187.13 1 0
server/services/accountservices.go:193.2,194.11 2 0
server/services/accountservices.go:201.2,201.50 1 0
server/services/accountservices.go:204.2,207.68 2 0
server/services/accountservices.go:212.2,213.45 2 0
server/services/accountservices.go:163.49,167.3 3 0
server/services/accountservices.go:170.34,174.3 3 0
server/services/accountservices.go:182.16,186.3 3 0
server/services/accountservices.go:187.13,190.3 2 0
server/services/accountservices.go:194.11,198.3 3 0
server/services/accountservices.go:201.50,203.3 1 0
server/services/accountservices.go:207.68,210.3 2 0
server/services/accountservices.go:218.33,220.43 2 0
server/services/accountservices.go:227.2,228.16 2 0
server/services/accountservices.go:233.2,233.13 1 0
server/services/accountservices.go:238.2,239.56 2 0
server/services/accountservices.go:220.43,224.3 3 0
server/services/accountservices.go:228.16,232.3 3 0
server/services/accountservices.go:233.13,236.3 2 0
server/services/accountservices.go:244.34,246.43 2 0
server/services/accountservices.go:252.2,253.16 2 0
server/services/accountservices.go:257.2,257.13 1 0
server/services/accountservices.go:262.2,263.56 2 0
server/services/accountservices.go:246.43,250.3 3 0
server/services/accountservices.go:253.16,256.3 2 0
server/services/accountservices.go:257.13,260.3 2 0
server/services/accountservices.go:267.92,271.44 4 1
server/services/accountservices.go:274.2,274.25 1 1
server/services/accountservices.go:277.2,277.31 1 1
server/services/accountservices.go:271.44,273.3 1 1
server/services/accountservices.go:274.25,276.3 1 0
server/services/accountservices.go:280.74,283.2 2 1
server/services/accountservices.go:285.93,289.44 4 1
server/services/accountservices.go:292.2,292.25 1 1
server/services/accountservices.go:295.2,295.33 1 1
server/services/accountservices.go:289.44,291.3 1 1
server/services/accountservices.go:292.25,294.3 1 0
server/services/accountservices.go:298.64,299.50 1 1
server/services/accountservices.go:302.2,302.12 1 1
server/services/accountservices.go:299.50,301.3 1 0
server/services/accountservices.go:305.68,309.44 4 1
server/services/accountservices.go:312.2,312.25 1 1
server/services/accountservices.go:315.2,315.29 1 1
server/services/accountservices.go:309.44,311.3 1 1
server/services/accountservices.go:312.25,314.3 1 0
server/services/accountservices.go:318.80,321.44 3 1
server/services/accountservices.go:324.2,324.25 1 1
server/services/accountservices.go:327.2,327.29 1 1
server/services/accountservices.go:321.44,323.3 1 1
server/services/accountservices.go:324.25,326.3 1 0
server/services/accountservices.go:330.99,332.94 2 1
server/services/accountservices.go:335.2,335.12 1 1
server/services/accountservices.go:332.94,334.3 1 0
server/services/accountservices.go:338.107,339.92 1 1
server/services/accountservices.go:342.2,342.12 1 1
server/services/accountservices.go:339.92,341.3 1 0
server/services/accountservices.go:345.98,349.44 4 1
server/services/accountservices.go:352.2,352.25 1 1
server/services/accountservices.go:355.2,355.28 1 1
server/services/accountservices.go:349.44,351.3 1 1
server/services/accountservices.go:352.25,354.3 1 0
server/services/bookingservices.go:18.33,21.50 2 0
server/services/bookingservices.go:27.2,28.16 2 0
server/services/bookingservices.go:33.2,34.16 2 0
server/services/bookingservices.go:39.2,40.16 2 0
server/services/bookingservices.go:45.2,46.16 2 0
server/services/bookingservices.go:51.2,54.35 3 0
server/services/bookingservices.go:21.50,25.3 3 0
server/services/bookingservices.go:28.16,31.3 2 0
server/services/bookingservices.go:34.16,37.3 2 0
server/services/bookingservices.go:40.16,43.3 2 0
server/services/bookingservices.go:46.16,49.3 2 0
server/services/bookingservices.go:59.34,64.49 3 0
server/services/bookingservices.go:70.2,71.16 2 0
server/services/bookingservices.go:76.2,77.16 2 0
server/services/bookingservices.go:82.2,84.28 3 0
server/services/bookingservices.go:64.49,68.3 3 0
server/services/bookingservices.go:71.16,74.3 2 0
server/services/bookingservices.go:77.16,80.3 2 0
server/services/bookingservices.go:89.40,91.50 2 0
server/services/bookingservices.go:97.2,98.16 2 0
server/services/bookingservices.go:103.2,104.16 2 0
server/services/bookingservices.go:109.2,110.35 2 0
server/services/bookingservices.go:91.50,95.3 3 0
server/services/bookingservices.go:98.16,101.3 2 0
server/services/bookingservices.go:104.16,107.3 2 0
server/services/bookingservices.go:115.41,120.49 3 0
server/services/bookingservices.go:127.2,128.16 2 0
server/services/bookingservices.go:133.2,134.16 2 0
server/services/bookingservices.go:139.2,140.26 2 0
server/services/bookingservices.go:164.2,166.25 3 0
server/services/bookingservices.go:120.49,124.3 3 0
server/services/bookingservices.go:128.16,131.3 2 0
server/services/bookingservices.go:134.16,137.3 2 0
server/services/bookingservices.go:140.26,142.17 2 0
server/services/bookingservices.go:146.3,149.17 3 0
server/services/bookingservices.go:154.3,155.17 2 0
server/services/bookingservices.go:159.3,159.12 1 0
server/services/bookingservices.go:142.17,145.4 2 0
server/services/bookingservices.go:149.17,152.4 2 0
server/services/bookingservices.go:155.17,158.4 2 0
server/services/bookingservices.go:159.12,161.4 1 0
server/services/bookingservices.go:171.43,177.50 3 0
server/services/bookingservices.go:183.2,184.16 2 0
server/services/bookingservices.go:189.2,191.28 3 0
server/services/bookingservices.go:177.50,181.3 3 0
server/services/bookingservices.go:184.16,187.3 2 0
server/services/bookingservices.go:195.74,198.108 2 1
server/services/bookingservices.go:212.2,212.18 1 1
server/services/bookingservices.go:198.108,204.35 5 1
server/services/bookingservices.go:210.3,210.38 1 1
server/services/bookingservices.go:204.35,205.87 1 1
server/services/bookingservices.go:205.87,207.5 1 1
server/services/bookingservices.go:216.79,227.14 3 1
server/services/bookingservices.go:230.2,230.27 1 1
server/services/bookingservices.go:227.14,229.3 1 0
server/services/bookingservices.go:233.99,236.96 3 1
server/services/bookingservices.go:239.2,239.19 1 1
server/services/bookingservices.go:236.96,238.3 1 0
server/services/bookingservices.go:242.59,245.42 2 1
server/services/bookingservices.go:248.2,249.34 2 1
server/services/bookingservices.go:252.2,252.25 1 1
server/services/bookingservices.go:245.42,247.3 1 0
server/services/bookingservices.go:249.34,251.3 1 1
server/services/bookingservices.go:255.91,259.80 3 1
server/services/bookingservices.go:262.2,262.24 1 1
server/services/bookingservices.go:259.80,261.3 1 0
server/services/bookingservices.go:265.104,275.125 4 1
server/services/bookingservices.go:278.2,278.28 1 1
server/services/bookingservices.go:275.125,277.3 1 0
server/services/bookingservices.go:281.121,285.44 4 1
server/services/bookingservices.go:292.2,292.24 1 1
server/services/bookingservices.go:285.44,286.76 1 1
server/services/bookingservices.go:286.76,288.4 1 0
server/services/bookingservices.go:288.9,290.4 1 1
server/services/bookingservices.go:292.24,294.3 1 0
server/services/bookingservices.go:294.8,296.3 1 1
server/services/bookingservices.go:299.126,304.111 3 1
server/services/bookingservices.go:311.2,311.29 1 1
server/services/bookingservices.go:304.111,305.31 1 0
server/services/bookingservices.go:305.32,307.4 0 0
server/services/bookingservices.go:307.9,309.4 1 0
server/services/bookingservices.go:314.149,316.22 1 1
server/services/bookingservices.go:316.22,320.3 2 0
server/services/bookingservices.go:320.8,332.58 3 1
server/services/bookingservices.go:336.3,336.19 1 1
server/services/bookingservices.go:332.58,335.4 2 0
server/services/bookingservices.go:340.120,349.22 3 1
server/services/bookingservices.go:356.2,357.30 2 1
server/services/bookingservices.go:349.22,350.31 1 0
server/services/bookingservices.go:350.32,351.4 0 0
server/services/bookingservices.go:351.9,353.4 1 0
server/services/bookingservices.go:360.93,366.90 3 1
server/services/bookingservices.go:369.2,369.19 1 1
server/services/bookingservices.go:366.90,368.3 1 0
server/services/bookingservices.go:372.88,376.36 4 1
server/services/bookingservices.go:383.2,383.37 1 1
server/services/bookingservices.go:386.2,386.21 1 1
server/services/bookingservices.go:376.36,377.55 1 1
server/services/bookingservices.go:377.55,379.4 1 1
server/services/bookingservices.go:379.9,381.4 1 1
server/services/bookingservices.go:383.37,385.3 1 1
server/services/csvservices.go:16.53,18.16 2 1
server/services/csvservices.go:21.2,22.23 2 1
server/services/csvservices.go:48.2,49.17 2 1
server/services/csvservices.go:52.2,58.31 6 1
server/services/csvservices.go:62.2,62.18 1 1
server/services/csvservices.go:18.16,20.3 1 0
server/services/csvservices.go:22.23,23.87 1 1
server/services/csvservices.go:23.87,25.4 1 0
server/services/csvservices.go:25.9,25.31 1 1
server/services/csvservices.go:25.31,27.4 1 0
server/services/csvservices.go:27.9,27.52 1 1
server/services/csvservices.go:27.52,29.4 1 0
server/services/csvservices.go:29.9,29.31 1 1
server/services/csvservices.go:29.31,31.4 1 0
server/services/csvservices.go:31.9,31.31 1 1
server/services/csvservices.go:31.31,33.4 1 0
server/services/csvservices.go:33.9,33.31 1 1
server/services/csvservices.go:33.31,35.4 1 0
server/services/csvservices.go:35.9,35.31 1 1
server/services/csvservices.go:35.31,37.4 1 0
server/services/csvservices.go:37.9,37.31 1 1
server/services/csvservices.go:37.31,39.4 1 0
server/services/csvservices.go:39.9,39.31 1 1
server/services/csvservices.go:39.31,41.4 1 0
server/services/csvservices.go:41.9,41.31 1 1
server/services/csvservices.go:41.31,43.4 1 0
server/services/csvservices.go:43.9,45.4 1 1
server/services/csvservices.go:49.17,51.3 1 0
server/services/csvservices.go:58.31,60.3 1 1
server/services/csvservices.go:66.28,69.16 3 0
server/services/csvservices.go:77.2,79.36 3 0
server/services/csvservices.go:100.2,100.81 1 0
server/services/csvservices.go:69.16,72.3 2 0
server/services/csvservices.go:72.8,75.3 2 0
server/services/csvservices.go:79.36,81.61 1 0
server/services/csvservices.go:88.3,93.55 2 0
server/services/csvservices.go:97.3,97.12 1 0
server/services/csvservices.go:81.61,84.4 2 0
server/services/csvservices.go:84.9,86.4 1 0
server/services/csvservices.go:93.55,96.4 2 0
server/services/csvservices.go:104.31,107.16 3 0
server/services/csvservices.go:115.2,117.36 3 0
server/services/csvservices.go:138.2,138.84 1 0
server/services/csvservices.go:107.16,110.3 2 0
server/services/csvservices.go:110.8,113.3 2 0
server/services/csvservices.go:117.36,119.61 1 0
server/services/csvservices.go:126.3,131.57 2 0
server/services/csvservices.go:135.3,135.12 1 0
server/services/csvservices.go:119.61,122.4 2 0
server/services/csvservices.go:122.9,124.4 1 0
server/services/csvservices.go:131.57,134.4 2 0
server/services/csvservices.go:142.33,145.16 3 0
server/services/csvservices.go:153.2,155.36 3 0
server/services/csvservices.go:176.2,176.86 1 0
server/services/csvservices.go:145.16,148.3 2 0
server/services/csvservices.go:148.8,151.3 2 0
server/services/csvservices.go:155.36,157.61 1 0
server/services/csvservices.go:164.3,169.60 2 0
server/services/csvservices.go:173.3,173.12 1 0
server/services/csvservices.go:157.61,160.4 2 0
server/services/csvservices.go:160.9,162.4 1 0
server/services/csvservices.go:169.60,172.4 2 0
server/services/csvservices.go:180.29,183.16 3 0
server/services/csvservices.go:191.2,193.36 3 0
server/services/csvservices.go:214.2,214.82 1 0
server/services/csvservices.go:183.16,186.3 2 0
server/services/csvservices.go:186.8,189.3 2 0
server/services/csvservices.go:193.36,195.61 1 0
server/services/csvservices.go:202.3,207.55 2 0
server/services/csvservices.go:211.3,211.12 1 0
server/services/csvservices.go:195.61,198.4 2 0
server/services/csvservices.go:198.9,200.4 1 0
server/services/csvservices.go:207.55,210.4 2 0
server/services/csvservices.go:218.31,221.16 3 0
server/services/csvservices.go:229.2,231.36 3 0
server/services/csvservices.go:251.2,251.84 1 0
server/services/csvservices.go:221.16,224.3 2 0
server/services/csvservices.go:224.8,227.3 2 0
server/services/csvservices.go:231.36,233.61 1 0
server/services/csvservices.go:240.3,244.57 2 0
server/services/csvservices.go:248.3,248.12 1 0
server/services/csvservices.go:233.61,236.4 2 0
server/services/csvservices.go:236.9,238.4 1 0
server/services/csvservices.go:244.57,247.4 2 0
server/services/csvservices.go:255.25,258.16 3 0
server/services/csvservices.go:266.2,268.36 3 0
server/services/csvservices.go:289.2,289.78 1 0
server/services/csvservices.go:258.16,261.3 2 0
server/services/csvservices.go:261.8,264.3 2 0
server/services/csvservices.go:268.36,270.61 1 0
server/services/csvservices.go:277.3,282.51 2 0
server/services/csvservices.go:286.3,286.12 1 0
server/services/csvservices.go:270.61,273.4 2 0
server/services/csvservices.go:273.9,275.4 1 0
server/services/csvservices.go:282.51,285.4 2 0
server/services/csvservices.go:293.22,296.16 3 0
server/services/csvservices.go:304.2,305.36 2 0
server/services/csvservices.go:327.2,327.79 1 0
server/services/csvservices.go:296.16,299.3 2 0
server/services/csvservices.go:299.8,302.3 2 0
server/services/csvservices.go:305.36,310.80 3 0
server/services/csvservices.go:310.80,311.29 1 0
server/services/csvservices.go:311.29,314.72 2 0
server/services/csvservices.go:318.5,318.14 1 0
server/services/csvservices.go:314.72,317.6 2 0
server/services/csvservices.go:319.10,322.5 2 0
server/services/csvservices.go:323.9,324.12 1 0
server/services/csvservices.go:331.22,334.16 3 0
server/services/csvservices.go:342.2,343.53 2 0
server/services/csvservices.go:385.2,388.31 4 0
server/services/csvservices.go:334.16,337.3 2 0
server/services/csvservices.go:337.8,340.3 2 0
server/services/csvservices.go:343.53,347.26 3 0
server/services/csvservices.go:347.26,348.12 1 0
server/services/csvservices.go:349.9,349.93 1 0
server/services/csvservices.go:349.93,350.29 1 0
server/services/csvservices.go:350.29,353.99 2 0
server/services/csvservices.go:371.5,372.84 2 0
server/services/csvservices.go:376.5,376.14 1 0
server/services/csvservices.go:353.99,354.79 1 0
server/services/csvservices.go:354.79,357.7 2 0
server/services/csvservices.go:358.11,358.53 1 0
server/services/csvservices.go:358.53,359.80 1 0
server/services/csvservices.go:359.80,362.7 2 0
server/services/csvservices.go:363.11,364.82 1 0
server/services/csvservices.go:364.82,367.7 2 0
server/services/csvservices.go:372.84,375.6 2 0
server/services/csvservices.go:377.10,380.5 2 0
server/services/csvservices.go:381.9,382.12 1 0
server/services/csvservices.go:392.19,395.16 3 0
server/services/csvservices.go:403.2,404.36 2 0
server/services/csvservices.go:474.2,474.76 1 0
server/services/csvservices.go:395.16,398.3 2 0
server/services/csvservices.go:398.8,401.3 2 0
server/services/csvservices.go:404.36,411.27 4 0
server/services/csvservices.go:418.3,424.21 5 0
server/services/csvservices.go:427.3,427.79 1 0
server/services/csvservices.go:431.3,436.78 4 0
server/services/csvservices.go:440.3,444.36 3 0
server/services/csvservices.go:447.3,468.49 5 0
server/services/csvservices.go:472.3,472.12 1 0
server/services/csvservices.go:411.27,413.4 1 0
server/services/csvservices.go:413.9,415.4 1 0
server/services/csvservices.go:424.21,425.12 1 0
server/services/csvservices.go:427.79,430.4 2 0
server/services/csvservices.go:436.78,439.4 2 0
server/services/csvservices.go:444.36,446.4 1 0
server/services/csvservices.go:468.49,471.4 2 0
server/services/csvservices.go:478.28,481.16 3 0
server/services/csvservices.go:489.2,492.36 4 0
server/services/csvservices.go:518.2,518.81 1 0
server/services/csvservices.go:481.16,484.3 2 0
server/services/csvservices.go:484.8,487.3 2 0
server/services/csvservices.go:492.36,496.40 2 0
server/services/csvservices.go:505.3,512.55 2 0
server/services/csvservices.go:496.40,497.67 1 0
server/services/csvservices.go:497.67,500.5 2 0
server/services/csvservices.go:500.10,502.5 1 0
server/services/csvservices.go:512.55,515.4 2 0
server/services/csvservices.go:522.24,525.16 3 0
server/services/csvservices.go:533.2,535.36 3 0
server/services/csvservices.go:557.2,557.79 1 0
server/services/csvservices.go:525.16,528.3 2 0
server/services/csvservices.go:528.8,531.3 2 0
server/services/csvservices.go:535.36,539.61 2 0
server/services/csvservices.go:546.3,551.52 2 0
server/services/csvservices.go:539.61,542.4 2 0
server/services/csvservices.go:542.9,544.4 1 0
server/services/csvservices.go:551.52,554.4 2 0
server/services/csvservices.go:561.29,564.16 3 0
server/services/csvservices.go:572.2,575.36 4 0
server/services/csvservices.go:600.2,600.82 1 0
server/services/csvservices.go:564.16,567.3 2 0
server/services/csvservices.go:567.8,570.3 2 0
server/services/csvservices.go:575.36,579.40 2 0
server/services/csvservices.go:588.3,594.57 2 0
server/services/csvservices.go:579.40,580.67 1 0
server/services/csvservices.go:580.67,583.5 2 0
server/services/csvservices.go:583.10,585.5 1 0
server/services/csvservices.go:594.57,597.4 2 0
server/services/csvservices.go:603.19,618.2 12 0
server/services/setup.go:14.24,20.57 2 0
server/services/setup.go:20.57,22.17 2 0
server/services/setup.go:22.17,23.57 1 0
server/services/setup.go:24.9,27.4 2 0
server/services/setup.go:28.8,30.17 2 0
server/services/setup.go:30.17,31.57 1 0
server/services/setup.go:32.9,35.4 2 0
server/services/venueservices.go:16.32,19.16 2 0
server/services/venueservices.go:25.2,25.64 1 0
server/services/venueservices.go:30.2,31.35 2 0
server/services/venueservices.go:19.16,23.3 3 0
server/services/venueservices.go:25.64,28.3 1 0
server/services/venueservices.go:36.35,38.50 2 0
server/services/venueservices.go:44.2,45.16 2 0
server/services/venueservices.go:50.2,51.16 2 0
server/services/venueservices.go:56.2,57.16 2 0
server/services/venueservices.go:61.2,61.13 1 0
server/services/venueservices.go:66.2,66.64 1 0
server/services/venueservices.go:71.2,72.35 2 0
server/services/venueservices.go:38.50,42.3 3 0
server/services/venueservices.go:45.16,48.3 2 0
server/services/venueservices.go:51.16,54.3 2 0
server/services/venueservices.go:57.16,60.3 2 0
server/services/venueservices.go:61.13,64.3 2 0
server/services/venueservices.go:66.64,69.3 1 0
server/services/venueservices.go:76.95,79.28 2 1
server/services/venueservices.go:84.2,93.44 4 1
server/services/venueservices.go:96.2,96.25 1 1
server/services/venueservices.go:99.2,99.30 1 1
server/services/venueservices.go:79.28,81.3 1 1
server/services/venueservices.go:93.44,95.3 1 1
server/services/venueservices.go:96.25,98.3 1 0
server/services/venueservices.go:102.126,105.34 2 1
server/services/venueservices.go:110.2,115.34 4 1
server/services/venueservices.go:121.2,121.34 1 1
server/services/venueservices.go:145.2,145.31 1 1
server/services/venueservices.go:159.2,159.34 1 1
server/services/venueservices.go:185.2,185.34 1 1
server/services/venueservices.go:199.2,199.33 1 1
server/services/venueservices.go:212.2,212.31 1 1
server/services/venueservices.go:226.2,226.31 1 1
server/services/venueservices.go:239.2,241.69 3 1
server/services/venueservices.go:244.2,244.21 1 1
server/services/venueservices.go:105.34,107.3 1 1
server/services/venueservices.go:115.34,118.3 1 1
server/services/venueservices.go:118.8,120.3 1 0
server/services/venueservices.go:121.34,133.32 2 1
server/services/venueservices.go:141.3,141.25 1 1
server/services/venueservices.go:133.32,140.4 1 1
server/services/venueservices.go:145.31,146.22 1 1
server/services/venueservices.go:146.22,150.4 1 1
server/services/venueservices.go:150.9,155.4 2 0
server/services/venueservices.go:159.34,160.22 1 1
server/services/venueservices.go:173.3,173.35 1 1
server/services/venueservices.go:180.3,181.61 1 1
server/services/venueservices.go:160.22,165.4 1 1
server/services/venueservices.go:165.9,171.4 2 0
server/services/venueservices.go:173.35,174.33 1 1
server/services/venueservices.go:174.33,176.5 1 1
server/services/venueservices.go:176.10,178.5 1 1
server/services/venueservices.go:185.34,186.22 1 1
server/services/venueservices.go:186.22,190.4 1 1
server/services/venueservices.go:190.9,195.4 2 0
server/services/venueservices.go:199.33,200.22 1 1
server/services/venueservices.go:200.22,204.4 1 1
server/services/venueservices.go:204.9,209.4 2 0
server/services/venueservices.go:212.31,213.22 1 1
server/services/venueservices.go:213.22,217.4 1 1
server/services/venueservices.go:217.9,222.4 2 0
server/services/venueservices.go:226.31,227.22 1 1
server/services/venueservices.go:227.22,231.4 1 1
server/services/venueservices.go:231.9,236.4 2 0
server/services/venueservices.go:241.69,243.3 1 0
server/services/venueservices.go:247.83,251.42 3 1
server/services/venueservices.go:258.2,258.27 1 1
server/services/venueservices.go:251.42,253.72 2 1
server/services/venueservices.go:256.3,256.53 1 1
server/services/venueservices.go:253.72,255.4 1 0
server/services/venueservices.go:261.97,266.81 3 1
server/services/venueservices.go:269.2,269.33 1 1
server/services/venueservices.go:266.81,268.3 1 0
server/services/venueservices.go:272.62,278.63 3 1
server/services/venueservices.go:281.2,281.24 1 1
server/services/venueservices.go:278.63,280.3 1 0
server/services/venueservices.go:284.80,285.31 1 1
server/services/venueservices.go:298.2,298.12 1 1
server/services/venueservices.go:285.31,289.17 3 1
server/services/venueservices.go:294.3,294.41 1 1
server/services/venueservices.go:289.17,291.4 1 0
server/services/venueservices.go:294.41,296.4 1 1
